2020-06-24 11:22:44 AM - INFO - DATA NAME: psse
2020-06-24 11:22:44 AM - INFO - STRATEGY: EntropySampling
2020-06-24 11:22:44 AM - INFO - SEED: 1
2020-06-24 11:22:44 AM - INFO - NUM_INIT_LB: 10000
2020-06-24 11:22:44 AM - INFO - NUM_QUERY: 10000
2020-06-24 11:22:44 AM - INFO - NUM_ROUND: 20
2020-06-24 11:22:44 AM - INFO - LEARNING_RATE: 0.001
2020-06-24 11:22:44 AM - INFO - Predict using untrained model
2020-06-24 11:22:46 AM - INFO - Initial testing accuracy 0.6362624052512308
2020-06-24 11:22:46 AM - INFO - Now train with 10000 samples
2020-06-24 11:23:24 AM - INFO - Round 0 testing accuracy 0.8424337735406736
2020-06-24 11:23:24 AM - INFO - Round 1
2020-06-24 11:23:32 AM - INFO - Now train with 20000 samples
2020-06-24 11:24:23 AM - INFO - testing accuracy 0.8604751113542236
2020-06-24 11:24:23 AM - INFO - Round 2
2020-06-24 11:24:30 AM - INFO - Now train with 30000 samples
2020-06-24 11:25:42 AM - INFO - testing accuracy 0.8589317808861452
2020-06-24 11:25:42 AM - INFO - Round 3
2020-06-24 11:25:49 AM - INFO - Now train with 40000 samples
2020-06-24 11:27:31 AM - INFO - testing accuracy 0.8729194342424006
2020-06-24 11:27:31 AM - INFO - Round 4
2020-06-24 11:27:38 AM - INFO - Now train with 50000 samples
2020-06-24 11:29:43 AM - INFO - testing accuracy 0.8595178557474408
2020-06-24 11:29:43 AM - INFO - Round 5
2020-06-24 11:29:51 AM - INFO - Now train with 60000 samples
2020-06-24 11:32:15 AM - INFO - testing accuracy 0.9223060092209111
2020-06-24 11:32:15 AM - INFO - Round 6
2020-06-24 11:32:22 AM - INFO - Now train with 70000 samples
2020-06-24 11:35:31 AM - INFO - testing accuracy 0.8798448855200438
2020-06-24 11:35:31 AM - INFO - Round 7
2020-06-24 11:35:39 AM - INFO - Now train with 80000 samples
2020-06-24 11:39:10 AM - INFO - testing accuracy 0.8789853090568102
2020-06-24 11:39:10 AM - INFO - Round 8
2020-06-24 11:39:17 AM - INFO - Now train with 90000 samples
2020-06-24 11:43:22 AM - INFO - testing accuracy 0.8914980073454716
2020-06-24 11:43:22 AM - INFO - Round 9
2020-06-24 11:43:30 AM - INFO - Now train with 100000 samples
2020-06-24 11:48:02 AM - INFO - testing accuracy 0.8932269281862937
2020-06-24 11:48:02 AM - INFO - Round 10
2020-06-24 11:48:10 AM - INFO - Now train with 110000 samples
