2020-06-25 12:17:33 AM - INFO - DATA NAME: psse
2020-06-25 12:17:33 AM - INFO - STRATEGY: RandomSampling
2020-06-25 12:17:33 AM - INFO - SEED: 1
2020-06-25 12:17:33 AM - INFO - NUM_INIT_LB: 10000
2020-06-25 12:17:33 AM - INFO - NUM_QUERY: 10000
2020-06-25 12:17:33 AM - INFO - NUM_ROUND: 20
2020-06-25 12:17:33 AM - INFO - LEARNING_RATE: 0.001
2020-06-25 12:17:33 AM - INFO - BATCH_SIZE: 64
2020-06-25 12:17:33 AM - INFO - Predict using untrained model
2020-06-25 12:17:34 AM - INFO - Initial testing accuracy 0.6362624052512308
2020-06-25 12:17:34 AM - INFO - Now train with 10000 samples
2020-06-25 12:17:52 AM - INFO - Round 0 testing accuracy 0.7858775494256466
2020-06-25 12:17:52 AM - INFO - Round 1
2020-06-25 12:17:52 AM - INFO - Now train with 19910 samples
2020-06-25 12:18:31 AM - INFO - testing accuracy 0.8627901070563413
2020-06-25 12:18:31 AM - INFO - Round 2
2020-06-25 12:18:31 AM - INFO - Now train with 29806 samples
2020-06-25 12:19:19 AM - INFO - testing accuracy 0.8573591466750019
2020-06-25 12:19:19 AM - INFO - Round 3
2020-06-25 12:19:19 AM - INFO - Now train with 39689 samples
2020-06-25 12:20:21 AM - INFO - testing accuracy 0.8464874579979683
2020-06-25 12:20:21 AM - INFO - Round 4
2020-06-25 12:20:21 AM - INFO - Now train with 49571 samples
2020-06-25 12:21:41 AM - INFO - testing accuracy 0.8578475423927483
2020-06-25 12:21:41 AM - INFO - Round 5
2020-06-25 12:21:41 AM - INFO - Now train with 59462 samples
2020-06-25 12:23:20 AM - INFO - testing accuracy 0.8816617175900602
2020-06-25 12:23:20 AM - INFO - Round 6
2020-06-25 12:23:20 AM - INFO - Now train with 69337 samples
2020-06-25 12:25:24 AM - INFO - testing accuracy 0.8706630460264124
2020-06-25 12:25:24 AM - INFO - Round 7
2020-06-25 12:25:24 AM - INFO - Now train with 79221 samples
2020-06-25 12:27:45 AM - INFO - testing accuracy 0.8170469641322184
2020-06-25 12:27:45 AM - INFO - Round 8
2020-06-25 12:27:45 AM - INFO - Now train with 89104 samples
2020-06-25 12:30:34 AM - INFO - testing accuracy 0.8472395874032976
2020-06-25 12:30:34 AM - INFO - Round 9
2020-06-25 12:30:34 AM - INFO - Now train with 98972 samples
2020-06-25 12:33:41 AM - INFO - testing accuracy 0.8401773853246854
2020-06-25 12:33:41 AM - INFO - Round 10
2020-06-25 12:33:41 AM - INFO - Now train with 108854 samples
2020-06-25 12:37:07 AM - INFO - testing accuracy 0.8451590216456982
2020-06-25 12:37:07 AM - INFO - Round 11
2020-06-25 12:37:07 AM - INFO - Now train with 118695 samples
2020-06-25 12:40:53 AM - INFO - testing accuracy 0.8678987262639681
2020-06-25 12:40:53 AM - INFO - Round 12
2020-06-25 12:40:54 AM - INFO - Now train with 128549 samples
2020-06-25 12:44:54 AM - INFO - testing accuracy 0.8651832460732984
2020-06-25 12:44:54 AM - INFO - Round 13
2020-06-25 12:44:54 AM - INFO - Now train with 138392 samples
2020-06-25 12:49:19 AM - INFO - testing accuracy 0.8918008126904743
2020-06-25 12:49:19 AM - INFO - Round 14
2020-06-25 12:49:19 AM - INFO - Now train with 148292 samples
2020-06-25 12:54:04 AM - INFO - testing accuracy 0.8816128780182856
2020-06-25 12:54:04 AM - INFO - Round 15
2020-06-25 12:54:04 AM - INFO - Now train with 158159 samples
2020-06-25 12:59:09 AM - INFO - testing accuracy 0.8391810580604829
2020-06-25 12:59:09 AM - INFO - Round 16
2020-06-25 12:59:09 AM - INFO - Now train with 168029 samples
2020-06-25 01:04:39 AM - INFO - testing accuracy 0.8940962725638821
2020-06-25 01:04:39 AM - INFO - Round 17
2020-06-25 01:04:39 AM - INFO - Now train with 177879 samples
2020-06-25 01:10:37 AM - INFO - testing accuracy 0.8529733531296397
2020-06-25 01:10:37 AM - INFO - Round 18
2020-06-25 01:10:37 AM - INFO - Now train with 187723 samples
2020-06-25 01:16:45 AM - INFO - testing accuracy 0.920987340782996
2020-06-25 01:16:45 AM - INFO - Round 19
2020-06-25 01:16:45 AM - INFO - Now train with 197578 samples
2020-06-25 01:23:20 AM - INFO - testing accuracy 0.882218488708291
2020-06-25 01:23:20 AM - INFO - Round 20
2020-06-25 01:23:20 AM - INFO - Now train with 207418 samples
2020-06-25 01:30:17 AM - INFO - testing accuracy 0.8821012737360319
2020-06-25 01:30:17 AM - INFO - learning complete using 4364.477161884308 seconds
2020-06-25 01:30:17 AM - INFO - write accuracy records into csv
2020-06-25 01:30:25 AM - INFO - DATA NAME: psse
2020-06-25 01:30:25 AM - INFO - STRATEGY: LeastConfidence
2020-06-25 01:30:25 AM - INFO - SEED: 1
2020-06-25 01:30:25 AM - INFO - NUM_INIT_LB: 10000
2020-06-25 01:30:25 AM - INFO - NUM_QUERY: 10000
2020-06-25 01:30:25 AM - INFO - NUM_ROUND: 20
2020-06-25 01:30:25 AM - INFO - LEARNING_RATE: 0.001
2020-06-25 01:30:25 AM - INFO - BATCH_SIZE: 64
2020-06-25 01:30:25 AM - INFO - Predict using untrained model
2020-06-25 01:30:26 AM - INFO - Initial testing accuracy 0.6362624052512308
2020-06-25 01:30:26 AM - INFO - Now train with 10000 samples
2020-06-25 01:30:41 AM - INFO - Round 0 testing accuracy 0.7858775494256466
2020-06-25 01:30:41 AM - INFO - Round 1
2020-06-25 01:30:47 AM - INFO - Now train with 20000 samples
2020-06-25 01:31:16 AM - INFO - testing accuracy 0.8654860514183011
2020-06-25 01:31:16 AM - INFO - Round 2
2020-06-25 01:31:23 AM - INFO - Now train with 30000 samples
2020-06-25 01:32:07 AM - INFO - testing accuracy 0.8775884973040556
2020-06-25 01:32:07 AM - INFO - Round 3
2020-06-25 01:32:13 AM - INFO - Now train with 40000 samples
2020-06-25 01:33:15 AM - INFO - testing accuracy 0.8454129874189263
2020-06-25 01:33:15 AM - INFO - Round 4
2020-06-25 01:33:21 AM - INFO - Now train with 50000 samples
2020-06-25 01:34:41 AM - INFO - testing accuracy 0.8840060170352426
2020-06-25 01:34:41 AM - INFO - Round 5
2020-06-25 01:34:47 AM - INFO - Now train with 60000 samples
2020-06-25 01:36:31 AM - INFO - testing accuracy 0.8972903805579433
2020-06-25 01:36:31 AM - INFO - Round 6
2020-06-25 01:36:37 AM - INFO - Now train with 70000 samples
2020-06-25 01:38:38 AM - INFO - testing accuracy 0.8894174415878722
2020-06-25 01:38:38 AM - INFO - Round 7
2020-06-25 01:38:44 AM - INFO - Now train with 80000 samples
2020-06-25 01:41:13 AM - INFO - testing accuracy 0.9057200906462453
2020-06-25 01:41:13 AM - INFO - Round 8
2020-06-25 01:41:19 AM - INFO - Now train with 90000 samples
2020-06-25 01:44:08 AM - INFO - testing accuracy 0.90239899976557
2020-06-25 01:44:08 AM - INFO - Round 9
2020-06-25 01:44:13 AM - INFO - Now train with 100000 samples
2020-06-25 01:47:20 AM - INFO - testing accuracy 0.8867019613972025
2020-06-25 01:47:20 AM - INFO - Round 10
2020-06-25 01:47:26 AM - INFO - Now train with 110000 samples
2020-06-25 01:50:53 AM - INFO - testing accuracy 0.8802453700085958
2020-06-25 01:50:53 AM - INFO - Round 11
2020-06-25 01:50:58 AM - INFO - Now train with 120000 samples
2020-06-25 01:54:41 AM - INFO - testing accuracy 0.8738864577635383
2020-06-25 01:54:41 AM - INFO - Round 12
2020-06-25 01:54:47 AM - INFO - Now train with 130000 samples
2020-06-25 01:58:59 AM - INFO - testing accuracy 0.9175392670157068
2020-06-25 01:58:59 AM - INFO - Round 13
2020-06-25 01:59:04 AM - INFO - Now train with 140000 samples
2020-06-25 02:03:35 AM - INFO - testing accuracy 0.9108091740251621
2020-06-25 02:03:35 AM - INFO - Round 14
2020-06-25 02:03:40 AM - INFO - Now train with 150000 samples
2020-06-25 02:08:38 AM - INFO - testing accuracy 0.9080741580057826
2020-06-25 02:08:38 AM - INFO - Round 15
2020-06-25 02:08:43 AM - INFO - Now train with 160000 samples
2020-06-25 02:13:59 AM - INFO - testing accuracy 0.9393217160271938
2020-06-25 02:13:59 AM - INFO - Round 16
2020-06-25 02:14:04 AM - INFO - Now train with 170000 samples
2020-06-25 02:19:49 AM - INFO - testing accuracy 0.8948093303117918
2020-06-25 02:19:49 AM - INFO - Round 17
2020-06-25 02:19:53 AM - INFO - Now train with 180000 samples
2020-06-25 02:25:48 AM - INFO - testing accuracy 0.8691783230444635
2020-06-25 02:25:48 AM - INFO - Round 18
