2020-06-24 10:14:18 AM - INFO - DATA NAME: psse
2020-06-24 10:14:18 AM - INFO - STRATEGY: RandomSampling
2020-06-24 10:14:18 AM - INFO - SEED: 1
2020-06-24 10:14:18 AM - INFO - NUM_INIT_LB: 50000
2020-06-24 10:14:18 AM - INFO - NUM_QUERY: 10000
2020-06-24 10:14:18 AM - INFO - NUM_ROUND: 10
2020-06-24 10:14:18 AM - INFO - LEARNING_RATE: 0.001
2020-06-24 10:14:18 AM - INFO - Now train with 50000 samples
2020-06-24 10:16:08 AM - INFO - Round 0 testing accuracy 0.8995663046026412
2020-06-24 10:16:08 AM - INFO - Round 1
2020-06-24 10:16:08 AM - INFO - Now train with 59901 samples
2020-06-24 10:18:23 AM - INFO - testing accuracy 0.854419004454169
2020-06-24 10:18:23 AM - INFO - Round 2
2020-06-24 10:18:23 AM - INFO - Now train with 69780 samples
2020-06-24 10:20:56 AM - INFO - testing accuracy 0.8301652731108854
2020-06-24 10:20:56 AM - INFO - Round 3
2020-06-24 10:20:56 AM - INFO - Now train with 79661 samples
2020-06-24 10:23:55 AM - INFO - testing accuracy 0.893578573103071
2020-06-24 10:23:55 AM - INFO - Round 4
2020-06-24 10:23:55 AM - INFO - Now train with 89529 samples
2020-06-24 10:27:20 AM - INFO - testing accuracy 0.8339552238805971
2020-06-24 10:27:20 AM - INFO - Round 5
2020-06-24 10:27:20 AM - INFO - Now train with 99401 samples
2020-06-24 10:31:10 AM - INFO - testing accuracy 0.8786629678830976
2020-06-24 10:31:10 AM - INFO - Round 6
2020-06-24 10:31:10 AM - INFO - Now train with 109263 samples
2020-06-24 10:35:22 AM - INFO - testing accuracy 0.8210322731890287
2020-06-24 10:35:22 AM - INFO - Round 7
2020-06-24 10:35:22 AM - INFO - Now train with 119132 samples
2020-06-24 10:39:49 AM - INFO - testing accuracy 0.8875713057747909
2020-06-24 10:39:49 AM - INFO - Round 8
2020-06-24 10:39:49 AM - INFO - Now train with 129019 samples
2020-06-24 10:44:45 AM - INFO - testing accuracy 0.8716203016331953
2020-06-24 10:44:45 AM - INFO - Round 9
2020-06-24 10:44:45 AM - INFO - Now train with 138877 samples
2020-06-24 10:50:10 AM - INFO - testing accuracy 0.8801574587794014
2020-06-24 10:50:10 AM - INFO - Round 10
2020-06-24 10:50:10 AM - INFO - Now train with 148715 samples
2020-06-24 10:56:36 AM - INFO - testing accuracy 0.8651930139876534
2020-06-24 10:56:36 AM - INFO - learning complete using 2537.9765813350677 seconds---
2020-06-24 10:56:36 AM - INFO - write results into csv
