2020-06-28 11:36:42 PM — INFO — main (163):  DATA NAME: psse
2020-06-28 11:36:42 PM — INFO — main (164):  STRATEGY: MarginSampling
2020-06-28 11:36:42 PM — INFO — main (165):  SEED: 2
2020-06-28 11:36:42 PM — INFO — main (166):  NUM_INIT_LB: 10000
2020-06-28 11:36:42 PM — INFO — main (167):  NUM_QUERY: 6000
2020-06-28 11:36:42 PM — INFO — main (168):  NUM_ROUND: 10
2020-06-28 11:36:42 PM — INFO — main (169):  LEARNING_RATE: 0.001
2020-06-28 11:36:42 PM — INFO — main (170):  BATCH_SIZE: 64
2020-06-28 11:36:42 PM — INFO — main (171):  N_EPOCH: 20
2020-06-28 11:36:42 PM — INFO — predict (73):  Predict using untrained model
2020-06-28 11:36:43 PM — INFO — main (183):  Initial testing accuracy 0.5
2020-06-28 11:36:43 PM — INFO — train (63):  Now train with 10000 samples
2020-06-28 11:37:39 PM — INFO — predict (77):  Predict using trained model
2020-06-28 11:37:40 PM — INFO — main (193):  Round 0 testing accuracy 0.7969055247323591
2020-06-28 11:37:40 PM — INFO — main (200):  Round 1
2020-06-28 11:37:40 PM — DEBUG — predict_prob (102):  shape of probs is torch.Size([490000, 2])
2020-06-28 11:37:45 PM — INFO — train (63):  Now train with 16000 samples
2020-06-28 11:39:12 PM — INFO — predict (77):  Predict using trained model
2020-06-28 11:39:13 PM — INFO — main (214):  testing accuracy 0.8893588341017425
2020-06-28 11:39:13 PM — INFO — main (200):  Round 2
2020-06-28 11:39:13 PM — DEBUG — predict_prob (102):  shape of probs is torch.Size([484000, 2])
2020-06-28 11:39:18 PM — INFO — train (63):  Now train with 22000 samples
2020-06-28 11:41:26 PM — INFO — predict (77):  Predict using trained model
2020-06-28 11:41:27 PM — INFO — main (214):  testing accuracy 0.9067261858248027
2020-06-28 11:41:27 PM — INFO — main (200):  Round 3
2020-06-28 11:41:27 PM — DEBUG — predict_prob (102):  shape of probs is torch.Size([478000, 2])
2020-06-28 11:41:31 PM — INFO — train (63):  Now train with 28000 samples
2020-06-28 11:44:13 PM — INFO — predict (77):  Predict using trained model
2020-06-28 11:44:14 PM — INFO — main (214):  testing accuracy 0.932083691490193
2020-06-28 11:44:14 PM — INFO — main (200):  Round 4
2020-06-28 11:44:14 PM — DEBUG — predict_prob (102):  shape of probs is torch.Size([472000, 2])
2020-06-28 11:44:18 PM — INFO — train (63):  Now train with 34000 samples
2020-06-28 11:47:36 PM — INFO — predict (77):  Predict using trained model
2020-06-28 11:47:37 PM — INFO — main (214):  testing accuracy 0.9384328358208955
2020-06-28 11:47:37 PM — INFO — main (200):  Round 5
2020-06-28 11:47:37 PM — DEBUG — predict_prob (102):  shape of probs is torch.Size([466000, 2])
2020-06-28 11:47:41 PM — INFO — train (63):  Now train with 40000 samples
2020-06-28 11:51:44 PM — INFO — predict (77):  Predict using trained model
2020-06-28 11:51:46 PM — INFO — main (214):  testing accuracy 0.9523228100336016
2020-06-28 11:51:46 PM — INFO — main (200):  Round 6
2020-06-28 11:51:46 PM — DEBUG — predict_prob (102):  shape of probs is torch.Size([460000, 2])
2020-06-28 11:51:50 PM — INFO — train (63):  Now train with 46000 samples
2020-06-28 11:56:29 PM — INFO — predict (77):  Predict using trained model
2020-06-28 11:56:31 PM — INFO — main (214):  testing accuracy 0.9597854966007658
2020-06-28 11:56:31 PM — INFO — main (200):  Round 7
2020-06-28 11:56:31 PM — DEBUG — predict_prob (102):  shape of probs is torch.Size([454000, 2])
2020-06-28 11:56:35 PM — INFO — train (63):  Now train with 52000 samples
2020-06-29 12:02:21 AM — INFO — predict (77):  Predict using trained model
2020-06-29 12:02:22 AM — INFO — main (214):  testing accuracy 0.9649917949519419
2020-06-29 12:02:22 AM — INFO — main (200):  Round 8
2020-06-29 12:02:22 AM — DEBUG — predict_prob (102):  shape of probs is torch.Size([448000, 2])
2020-06-29 12:02:27 AM — INFO — train (63):  Now train with 58000 samples
2020-06-29 12:08:50 AM — INFO — predict (77):  Predict using trained model
2020-06-29 12:08:51 AM — INFO — main (214):  testing accuracy 0.9699538954442447
2020-06-29 12:08:51 AM — INFO — main (200):  Round 9
2020-06-29 12:08:51 AM — DEBUG — predict_prob (102):  shape of probs is torch.Size([442000, 2])
2020-06-29 12:08:55 AM — INFO — train (63):  Now train with 64000 samples
2020-06-29 12:16:20 AM — INFO — predict (77):  Predict using trained model
2020-06-29 12:16:21 AM — INFO — main (214):  testing accuracy 0.9725033210908807
2020-06-29 12:16:21 AM — INFO — main (200):  Round 10
2020-06-29 12:16:21 AM — DEBUG — predict_prob (102):  shape of probs is torch.Size([436000, 2])
2020-06-29 12:16:24 AM — INFO — train (63):  Now train with 70000 samples
2020-06-29 12:24:40 AM — INFO — predict (77):  Predict using trained model
2020-06-29 12:24:41 AM — INFO — main (214):  testing accuracy 0.9627158709072439
2020-06-29 12:24:41 AM — INFO — main (219):  learning complete using 2878.57998585701 seconds
2020-06-29 12:24:41 AM — INFO — main (220):  write accuracy records into csv
