2020-07-01 05:54:24 AM — INFO — main (163):  DATA NAME: psse
2020-07-01 05:54:24 AM — INFO — main (164):  STRATEGY: LeastConfidence
2020-07-01 05:54:24 AM — INFO — main (165):  SEED: 4
2020-07-01 05:54:24 AM — INFO — main (166):  NUM_INIT_LB: 10000
2020-07-01 05:54:24 AM — INFO — main (167):  NUM_QUERY: 6000
2020-07-01 05:54:24 AM — INFO — main (168):  NUM_ROUND: 10
2020-07-01 05:54:24 AM — INFO — main (169):  LEARNING_RATE: 0.001
2020-07-01 05:54:24 AM — INFO — main (170):  BATCH_SIZE: 64
2020-07-01 05:54:24 AM — INFO — main (171):  N_EPOCH: 100
2020-07-01 05:54:24 AM — INFO — predict (73):  Predict using untrained model
2020-07-01 05:54:25 AM — INFO — main (183):  Initial testing accuracy 0.4997558021411268
2020-07-01 05:54:25 AM — INFO — train (63):  Now train with 10000 samples
2020-07-01 05:59:27 AM — INFO — predict (77):  Predict using trained model
2020-07-01 05:59:28 AM — INFO — main (193):  Round 0 testing accuracy 0.8236207704930844
2020-07-01 05:59:28 AM — INFO — main (200):  Round 1
2020-07-01 05:59:28 AM — DEBUG — predict_prob (102):  shape of probs is torch.Size([490000, 2])
2020-07-01 05:59:33 AM — INFO — train (63):  Now train with 16000 samples
2020-07-01 06:07:15 AM — INFO — predict (77):  Predict using trained model
2020-07-01 06:07:16 AM — INFO — main (214):  testing accuracy 0.8717277486910995
2020-07-01 06:07:16 AM — INFO — main (200):  Round 2
2020-07-01 06:07:16 AM — DEBUG — predict_prob (102):  shape of probs is torch.Size([484000, 2])
2020-07-01 06:07:21 AM — INFO — train (63):  Now train with 22000 samples
2020-07-01 06:17:48 AM — INFO — predict (77):  Predict using trained model
2020-07-01 06:17:50 AM — INFO — main (214):  testing accuracy 0.9134172071579276
2020-07-01 06:17:50 AM — INFO — main (200):  Round 3
2020-07-01 06:17:50 AM — DEBUG — predict_prob (102):  shape of probs is torch.Size([478000, 2])
2020-07-01 06:17:55 AM — INFO — train (63):  Now train with 28000 samples
2020-07-01 06:31:01 AM — INFO — predict (77):  Predict using trained model
2020-07-01 06:31:03 AM — INFO — main (214):  testing accuracy 0.9205673204657342
2020-07-01 06:31:03 AM — INFO — main (200):  Round 4
2020-07-01 06:31:03 AM — DEBUG — predict_prob (102):  shape of probs is torch.Size([472000, 2])
2020-07-01 06:31:07 AM — INFO — train (63):  Now train with 34000 samples
2020-07-01 06:47:13 AM — INFO — predict (77):  Predict using trained model
2020-07-01 06:47:14 AM — INFO — main (214):  testing accuracy 0.9389212315386418
2020-07-01 06:47:14 AM — INFO — main (200):  Round 5
2020-07-01 06:47:14 AM — DEBUG — predict_prob (102):  shape of probs is torch.Size([466000, 2])
2020-07-01 06:47:18 AM — INFO — train (63):  Now train with 40000 samples
2020-07-01 07:08:17 AM — INFO — predict (77):  Predict using trained model
2020-07-01 07:08:18 AM — INFO — main (214):  testing accuracy 0.9483570368055013
2020-07-01 07:08:18 AM — INFO — main (200):  Round 6
2020-07-01 07:08:18 AM — DEBUG — predict_prob (102):  shape of probs is torch.Size([460000, 2])
2020-07-01 07:08:23 AM — INFO — train (63):  Now train with 46000 samples
2020-07-01 07:32:16 AM — INFO — predict (77):  Predict using trained model
2020-07-01 07:32:18 AM — INFO — main (214):  testing accuracy 0.9596682816285067
2020-07-01 07:32:18 AM — INFO — main (200):  Round 7
2020-07-01 07:32:18 AM — DEBUG — predict_prob (102):  shape of probs is torch.Size([454000, 2])
2020-07-01 07:32:21 AM — INFO — train (63):  Now train with 52000 samples
2020-07-01 07:59:51 AM — INFO — predict (77):  Predict using trained model
2020-07-01 07:59:52 AM — INFO — main (214):  testing accuracy 0.9631847307962804
2020-07-01 07:59:52 AM — INFO — main (200):  Round 8
2020-07-01 07:59:52 AM — DEBUG — predict_prob (102):  shape of probs is torch.Size([448000, 2])
2020-07-01 07:59:57 AM — INFO — train (63):  Now train with 58000 samples
2020-07-01 08:29:54 AM — INFO — predict (77):  Predict using trained model
2020-07-01 08:29:55 AM — INFO — main (214):  testing accuracy 0.9764202547472064
2020-07-01 08:29:55 AM — INFO — main (200):  Round 9
2020-07-01 08:29:55 AM — DEBUG — predict_prob (102):  shape of probs is torch.Size([442000, 2])
2020-07-01 08:30:00 AM — INFO — train (63):  Now train with 64000 samples
2020-07-01 09:04:08 AM — INFO — predict (77):  Predict using trained model
2020-07-01 09:04:09 AM — INFO — main (214):  testing accuracy 0.9876533562553723
2020-07-01 09:04:09 AM — INFO — main (200):  Round 10
2020-07-01 09:04:09 AM — DEBUG — predict_prob (102):  shape of probs is torch.Size([436000, 2])
2020-07-01 09:04:14 AM — INFO — train (63):  Now train with 70000 samples
2020-07-01 09:44:28 AM — INFO — predict (77):  Predict using trained model
2020-07-01 09:44:29 AM — INFO — main (214):  testing accuracy 0.987037977651012
2020-07-01 09:44:29 AM — INFO — main (219):  learning complete using 13804.959589004517 seconds
2020-07-01 09:44:29 AM — INFO — main (220):  write accuracy records into csv
