2020-07-06 01:13:29 AM — INFO — main (163):  DATA NAME: psse
2020-07-06 01:13:29 AM — INFO — main (164):  STRATEGY: MarginSampling
2020-07-06 01:13:29 AM — INFO — main (165):  SEED: 20
2020-07-06 01:13:29 AM — INFO — main (166):  NUM_INIT_LB: 10000
2020-07-06 01:13:29 AM — INFO — main (167):  NUM_QUERY: 6000
2020-07-06 01:13:29 AM — INFO — main (168):  NUM_ROUND: 10
2020-07-06 01:13:29 AM — INFO — main (169):  LEARNING_RATE: 0.001
2020-07-06 01:13:29 AM — INFO — main (170):  BATCH_SIZE: 64
2020-07-06 01:13:29 AM — INFO — main (171):  N_EPOCH: 100
2020-07-06 01:13:29 AM — INFO — predict (73):  Predict using untrained model
2020-07-06 01:13:30 AM — INFO — main (183):  Initial testing accuracy 0.49988278502774086
2020-07-06 01:13:30 AM — INFO — train (63):  Now train with 10000 samples
2020-07-06 01:18:30 AM — INFO — predict (77):  Predict using trained model
2020-07-06 01:18:31 AM — INFO — main (193):  Round 0 testing accuracy 0.8262190357114949
2020-07-06 01:18:31 AM — INFO — main (200):  Round 1
2020-07-06 01:18:31 AM — DEBUG — predict_prob (102):  shape of probs is torch.Size([490000, 2])
2020-07-06 01:18:35 AM — INFO — train (63):  Now train with 16000 samples
2020-07-06 01:26:15 AM — INFO — predict (77):  Predict using trained model
2020-07-06 01:26:16 AM — INFO — main (214):  testing accuracy 0.8853344533875127
2020-07-06 01:26:16 AM — INFO — main (200):  Round 2
2020-07-06 01:26:16 AM — DEBUG — predict_prob (102):  shape of probs is torch.Size([484000, 2])
2020-07-06 01:26:21 AM — INFO — train (63):  Now train with 22000 samples
2020-07-06 01:36:33 AM — INFO — predict (77):  Predict using trained model
2020-07-06 01:36:34 AM — INFO — main (214):  testing accuracy 0.9014124404157224
2020-07-06 01:36:34 AM — INFO — main (200):  Round 3
2020-07-06 01:36:34 AM — DEBUG — predict_prob (102):  shape of probs is torch.Size([478000, 2])
2020-07-06 01:36:39 AM — INFO — train (63):  Now train with 28000 samples
2020-07-06 01:50:29 AM — INFO — predict (77):  Predict using trained model
2020-07-06 01:50:31 AM — INFO — main (214):  testing accuracy 0.9204989450652497
2020-07-06 01:50:31 AM — INFO — main (200):  Round 4
2020-07-06 01:50:31 AM — DEBUG — predict_prob (102):  shape of probs is torch.Size([472000, 2])
2020-07-06 01:50:35 AM — INFO — train (63):  Now train with 34000 samples
2020-07-06 02:07:15 AM — INFO — predict (77):  Predict using trained model
2020-07-06 02:07:16 AM — INFO — main (214):  testing accuracy 0.9360787684613582
2020-07-06 02:07:16 AM — INFO — main (200):  Round 5
2020-07-06 02:07:16 AM — DEBUG — predict_prob (102):  shape of probs is torch.Size([466000, 2])
2020-07-06 02:07:20 AM — INFO — train (63):  Now train with 40000 samples
2020-07-06 02:26:41 AM — INFO — predict (77):  Predict using trained model
2020-07-06 02:26:42 AM — INFO — main (214):  testing accuracy 0.9502227084472923
2020-07-06 02:26:42 AM — INFO — main (200):  Round 6
2020-07-06 02:26:42 AM — DEBUG — predict_prob (102):  shape of probs is torch.Size([460000, 2])
2020-07-06 02:26:46 AM — INFO — train (63):  Now train with 46000 samples
2020-07-06 02:51:07 AM — INFO — predict (77):  Predict using trained model
2020-07-06 02:51:08 AM — INFO — main (214):  testing accuracy 0.9583105415331719
2020-07-06 02:51:08 AM — INFO — main (200):  Round 7
2020-07-06 02:51:08 AM — DEBUG — predict_prob (102):  shape of probs is torch.Size([454000, 2])
2020-07-06 02:51:11 AM — INFO — train (63):  Now train with 52000 samples
2020-07-06 03:17:20 AM — INFO — predict (77):  Predict using trained model
2020-07-06 03:17:21 AM — INFO — main (214):  testing accuracy 0.9683421895756819
2020-07-06 03:17:21 AM — INFO — main (200):  Round 8
2020-07-06 03:17:21 AM — DEBUG — predict_prob (102):  shape of probs is torch.Size([448000, 2])
2020-07-06 03:17:24 AM — INFO — train (63):  Now train with 58000 samples
2020-07-06 03:48:36 AM — INFO — predict (77):  Predict using trained model
2020-07-06 03:48:37 AM — INFO — main (214):  testing accuracy 0.9761272173165586
2020-07-06 03:48:37 AM — INFO — main (200):  Round 9
2020-07-06 03:48:37 AM — DEBUG — predict_prob (102):  shape of probs is torch.Size([442000, 2])
2020-07-06 03:48:41 AM — INFO — train (63):  Now train with 64000 samples
2020-07-06 04:23:45 AM — INFO — predict (77):  Predict using trained model
2020-07-06 04:23:46 AM — INFO — main (214):  testing accuracy 0.9819098226146753
2020-07-06 04:23:46 AM — INFO — main (200):  Round 10
2020-07-06 04:23:46 AM — DEBUG — predict_prob (102):  shape of probs is torch.Size([436000, 2])
2020-07-06 04:23:49 AM — INFO — train (63):  Now train with 70000 samples
2020-07-06 05:03:52 AM — INFO — predict (77):  Predict using trained model
2020-07-06 05:03:54 AM — INFO — main (214):  testing accuracy 0.9860904899585841
2020-07-06 05:03:54 AM — INFO — main (219):  learning complete using 13824.189860582352 seconds
2020-07-06 05:03:54 AM — INFO — main (220):  write accuracy records into csv
