2020-06-29 08:09:45 AM — INFO — main (163):  DATA NAME: psse
2020-06-29 08:09:45 AM — INFO — main (164):  STRATEGY: MarginSampling
2020-06-29 08:09:45 AM — INFO — main (165):  SEED: 1
2020-06-29 08:09:45 AM — INFO — main (166):  NUM_INIT_LB: 10000
2020-06-29 08:09:45 AM — INFO — main (167):  NUM_QUERY: 6000
2020-06-29 08:09:45 AM — INFO — main (168):  NUM_ROUND: 10
2020-06-29 08:09:45 AM — INFO — main (169):  LEARNING_RATE: 0.001
2020-06-29 08:09:45 AM — INFO — main (170):  BATCH_SIZE: 64
2020-06-29 08:09:45 AM — INFO — main (171):  N_EPOCH: 20
2020-06-29 08:09:45 AM — INFO — predict (73):  Predict using untrained model
2020-06-29 08:09:46 AM — INFO — main (183):  Initial testing accuracy 0.5
2020-06-29 08:09:46 AM — INFO — train (63):  Now train with 10000 samples
2020-06-29 08:10:42 AM — INFO — predict (77):  Predict using trained model
2020-06-29 08:10:43 AM — INFO — main (193):  Round 0 testing accuracy 0.8282507618973197
2020-06-29 08:10:43 AM — INFO — main (200):  Round 1
2020-06-29 08:10:43 AM — DEBUG — predict_prob (102):  shape of probs is torch.Size([490000, 2])
2020-06-29 08:10:47 AM — INFO — train (63):  Now train with 16000 samples
2020-06-29 08:12:15 AM — INFO — predict (77):  Predict using trained model
2020-06-29 08:12:16 AM — INFO — main (214):  testing accuracy 0.8840255528639525
2020-06-29 08:12:16 AM — INFO — main (200):  Round 2
2020-06-29 08:12:16 AM — DEBUG — predict_prob (102):  shape of probs is torch.Size([484000, 2])
2020-06-29 08:12:21 AM — INFO — train (63):  Now train with 22000 samples
2020-06-29 08:14:30 AM — INFO — predict (77):  Predict using trained model
2020-06-29 08:14:31 AM — INFO — main (214):  testing accuracy 0.9047823708681723
2020-06-29 08:14:31 AM — INFO — main (200):  Round 3
2020-06-29 08:14:31 AM — DEBUG — predict_prob (102):  shape of probs is torch.Size([478000, 2])
2020-06-29 08:14:36 AM — INFO — train (63):  Now train with 28000 samples
2020-06-29 08:17:20 AM — INFO — predict (77):  Predict using trained model
2020-06-29 08:17:21 AM — INFO — main (214):  testing accuracy 0.9297393920450105
2020-06-29 08:17:21 AM — INFO — main (200):  Round 4
2020-06-29 08:17:21 AM — DEBUG — predict_prob (102):  shape of probs is torch.Size([472000, 2])
2020-06-29 08:17:26 AM — INFO — train (63):  Now train with 34000 samples
2020-06-29 08:20:44 AM — INFO — predict (77):  Predict using trained model
2020-06-29 08:20:45 AM — INFO — main (214):  testing accuracy 0.9496170977572869
2020-06-29 08:20:45 AM — INFO — main (200):  Round 5
2020-06-29 08:20:45 AM — DEBUG — predict_prob (102):  shape of probs is torch.Size([466000, 2])
2020-06-29 08:20:49 AM — INFO — train (63):  Now train with 40000 samples
2020-06-29 08:24:54 AM — INFO — predict (77):  Predict using trained model
2020-06-29 08:24:55 AM — INFO — main (214):  testing accuracy 0.9411483160115652
2020-06-29 08:24:55 AM — INFO — main (200):  Round 6
2020-06-29 08:24:55 AM — DEBUG — predict_prob (102):  shape of probs is torch.Size([460000, 2])
2020-06-29 08:24:59 AM — INFO — train (63):  Now train with 46000 samples
2020-06-29 08:29:47 AM — INFO — predict (77):  Predict using trained model
2020-06-29 08:29:49 AM — INFO — main (214):  testing accuracy 0.9559760100023443
2020-06-29 08:29:49 AM — INFO — main (200):  Round 7
2020-06-29 08:29:49 AM — DEBUG — predict_prob (102):  shape of probs is torch.Size([454000, 2])
2020-06-29 08:29:54 AM — INFO — train (63):  Now train with 52000 samples
2020-06-29 08:35:33 AM — INFO — predict (77):  Predict using trained model
2020-06-29 08:35:35 AM — INFO — main (214):  testing accuracy 0.9673653981401891
2020-06-29 08:35:35 AM — INFO — main (200):  Round 8
2020-06-29 08:35:35 AM — DEBUG — predict_prob (102):  shape of probs is torch.Size([448000, 2])
2020-06-29 08:35:39 AM — INFO — train (63):  Now train with 58000 samples
2020-06-29 08:42:00 AM — INFO — predict (77):  Predict using trained model
2020-06-29 08:42:01 AM — INFO — main (214):  testing accuracy 0.9612116120965851
2020-06-29 08:42:01 AM — INFO — main (200):  Round 9
2020-06-29 08:42:01 AM — DEBUG — predict_prob (102):  shape of probs is torch.Size([442000, 2])
2020-06-29 08:42:05 AM — INFO — train (63):  Now train with 64000 samples
2020-06-29 08:49:21 AM — INFO — predict (77):  Predict using trained model
2020-06-29 08:49:22 AM — INFO — main (214):  testing accuracy 0.9651187778385559
2020-06-29 08:49:22 AM — INFO — main (200):  Round 10
2020-06-29 08:49:22 AM — DEBUG — predict_prob (102):  shape of probs is torch.Size([436000, 2])
2020-06-29 08:49:26 AM — INFO — train (63):  Now train with 70000 samples
2020-06-29 08:57:25 AM — INFO — predict (77):  Predict using trained model
2020-06-29 08:57:26 AM — INFO — main (214):  testing accuracy 0.9688891927795578
2020-06-29 08:57:26 AM — INFO — main (219):  learning complete using 2861.5571897029877 seconds
2020-06-29 08:57:26 AM — INFO — main (220):  write accuracy records into csv
