2020-07-06 01:54:12 PM — INFO — main (163):  DATA NAME: psse
2020-07-06 01:54:12 PM — INFO — main (164):  STRATEGY: RandomSampling
2020-07-06 01:54:12 PM — INFO — main (165):  SEED: 23
2020-07-06 01:54:12 PM — INFO — main (166):  NUM_INIT_LB: 10000
2020-07-06 01:54:12 PM — INFO — main (167):  NUM_QUERY: 6000
2020-07-06 01:54:12 PM — INFO — main (168):  NUM_ROUND: 10
2020-07-06 01:54:12 PM — INFO — main (169):  LEARNING_RATE: 0.001
2020-07-06 01:54:12 PM — INFO — main (170):  BATCH_SIZE: 64
2020-07-06 01:54:12 PM — INFO — main (171):  N_EPOCH: 100
2020-07-06 01:54:12 PM — INFO — predict (73):  Predict using untrained model
2020-07-06 01:54:13 PM — INFO — main (183):  Initial testing accuracy 0.5
2020-07-06 01:54:13 PM — INFO — train (63):  Now train with 10000 samples
2020-07-06 02:03:34 PM — INFO — predict (77):  Predict using trained model
2020-07-06 02:03:36 PM — INFO — main (193):  Round 0 testing accuracy 0.8050128936469485
2020-07-06 02:03:36 PM — INFO — main (200):  Round 1
2020-07-06 02:03:36 PM — INFO — train (63):  Now train with 15953 samples
2020-07-06 02:16:54 PM — INFO — predict (77):  Predict using trained model
2020-07-06 02:16:56 PM — INFO — main (214):  testing accuracy 0.8376767992498242
2020-07-06 02:16:56 PM — INFO — main (200):  Round 2
2020-07-06 02:16:56 PM — INFO — train (63):  Now train with 21924 samples
2020-07-06 02:35:15 PM — INFO — predict (77):  Predict using trained model
2020-07-06 02:35:16 PM — INFO — main (214):  testing accuracy 0.8441724622958506
2020-07-06 02:35:16 PM — INFO — main (200):  Round 3
2020-07-06 02:35:16 PM — INFO — train (63):  Now train with 27897 samples
2020-07-06 02:57:35 PM — INFO — predict (77):  Predict using trained model
2020-07-06 02:57:36 PM — INFO — main (214):  testing accuracy 0.8577303274204892
2020-07-06 02:57:36 PM — INFO — main (200):  Round 4
2020-07-06 02:57:36 PM — INFO — train (63):  Now train with 33869 samples
2020-07-06 03:27:38 PM — INFO — predict (77):  Predict using trained model
2020-07-06 03:27:39 PM — INFO — main (214):  testing accuracy 0.8616765648198796
2020-07-06 03:27:39 PM — INFO — main (200):  Round 5
2020-07-06 03:27:39 PM — INFO — train (63):  Now train with 39827 samples
2020-07-06 03:59:56 PM — INFO — predict (77):  Predict using trained model
2020-07-06 03:59:57 PM — INFO — main (214):  testing accuracy 0.8654958193326561
2020-07-06 03:59:57 PM — INFO — main (200):  Round 6
2020-07-06 03:59:57 PM — INFO — train (63):  Now train with 45795 samples
2020-07-06 04:33:57 PM — INFO — predict (77):  Predict using trained model
2020-07-06 04:33:59 PM — INFO — main (214):  testing accuracy 0.8772563882159882
2020-07-06 04:33:59 PM — INFO — main (200):  Round 7
2020-07-06 04:33:59 PM — INFO — train (63):  Now train with 51739 samples
2020-07-06 05:19:15 PM — INFO — predict (77):  Predict using trained model
2020-07-06 05:19:18 PM — INFO — main (214):  testing accuracy 0.8602699851527702
2020-07-06 05:19:18 PM — INFO — main (200):  Round 8
2020-07-06 05:19:18 PM — INFO — train (63):  Now train with 57697 samples
2020-07-06 06:09:52 PM — INFO — predict (77):  Predict using trained model
2020-07-06 06:09:53 PM — INFO — main (214):  testing accuracy 0.8867312651402672
2020-07-06 06:09:53 PM — INFO — main (200):  Round 9
2020-07-06 06:09:54 PM — INFO — train (63):  Now train with 63642 samples
2020-07-06 07:05:08 PM — INFO — predict (77):  Predict using trained model
2020-07-06 07:05:10 PM — INFO — main (214):  testing accuracy 0.8825408298820036
2020-07-06 07:05:10 PM — INFO — main (200):  Round 10
2020-07-06 07:05:10 PM — INFO — train (63):  Now train with 69602 samples
2020-07-06 08:08:51 PM — INFO — predict (77):  Predict using trained model
2020-07-06 08:08:52 PM — INFO — main (214):  testing accuracy 0.88903649292803
2020-07-06 08:08:52 PM — INFO — main (219):  learning complete using 22480.33650612831 seconds
2020-07-06 08:08:52 PM — INFO — main (220):  write accuracy records into csv
