2020-06-24 02:48:56 PM - INFO - DATA NAME: psse
2020-06-24 02:48:56 PM - INFO - STRATEGY: BALDDropout
2020-06-24 02:48:56 PM - INFO - SEED: 1
2020-06-24 02:48:56 PM - INFO - NUM_INIT_LB: 10000
2020-06-24 02:48:56 PM - INFO - NUM_QUERY: 10000
2020-06-24 02:48:56 PM - INFO - NUM_ROUND: 20
2020-06-24 02:48:56 PM - INFO - LEARNING_RATE: 0.001
2020-06-24 02:48:56 PM - INFO - Predict using untrained model
2020-06-24 02:48:58 PM - INFO - Initial testing accuracy 0.6362624052512308
2020-06-24 02:48:58 PM - INFO - Now train with 10000 samples
2020-06-24 02:49:35 PM - INFO - Round 0 testing accuracy 0.8424337735406736
2020-06-24 02:49:35 PM - INFO - Round 1
2020-06-24 02:51:01 PM - INFO - Now train with 20000 samples
2020-06-24 02:52:07 PM - INFO - testing accuracy 0.811362037977651
2020-06-24 02:52:07 PM - INFO - Round 2
2020-06-24 02:53:18 PM - INFO - Now train with 30000 samples
2020-06-24 02:54:32 PM - INFO - testing accuracy 0.7978823161678519
2020-06-24 02:54:32 PM - INFO - Round 3
2020-06-24 02:55:50 PM - INFO - Now train with 40000 samples
2020-06-24 02:57:32 PM - INFO - testing accuracy 0.8873466437446277
2020-06-24 02:57:32 PM - INFO - Round 4
2020-06-24 02:58:45 PM - INFO - Now train with 50000 samples
2020-06-24 03:00:51 PM - INFO - testing accuracy 0.8525924044697976
2020-06-24 03:00:51 PM - INFO - Round 5
2020-06-24 03:01:57 PM - INFO - Now train with 60000 samples
2020-06-24 03:04:15 PM - INFO - testing accuracy 0.839034539345159
2020-06-24 03:04:15 PM - INFO - Round 6
2020-06-24 03:05:31 PM - INFO - Now train with 70000 samples
2020-06-24 03:08:18 PM - INFO - testing accuracy 0.8433324216613268
2020-06-24 03:08:18 PM - INFO - Round 7
2020-06-24 03:09:29 PM - INFO - Now train with 80000 samples
2020-06-24 03:12:44 PM - INFO - testing accuracy 0.855483707118856
2020-06-24 03:12:44 PM - INFO - Round 8
2020-06-24 03:13:54 PM - INFO - Now train with 90000 samples
2020-06-24 03:17:33 PM - INFO - testing accuracy 0.8611197937016488
2020-06-24 03:17:33 PM - INFO - Round 9
2020-06-24 03:18:34 PM - INFO - Now train with 100000 samples
2020-06-24 03:22:27 PM - INFO - testing accuracy 0.8856177229038056
2020-06-24 03:22:27 PM - INFO - Round 10
2020-06-24 03:23:27 PM - INFO - Now train with 110000 samples
2020-06-24 03:27:35 PM - INFO - testing accuracy 0.8437426740642338
2020-06-24 03:27:35 PM - INFO - Round 11
2020-06-24 03:28:35 PM - INFO - Now train with 120000 samples
2020-06-24 03:33:23 PM - INFO - testing accuracy 0.9152633429710089
2020-06-24 03:33:23 PM - INFO - Round 12
2020-06-24 03:34:26 PM - INFO - Now train with 130000 samples
2020-06-24 03:40:02 PM - INFO - testing accuracy 0.9162792060639212
2020-06-24 03:40:02 PM - INFO - Round 13
2020-06-24 03:41:11 PM - INFO - Now train with 140000 samples
2020-06-24 03:47:17 PM - INFO - testing accuracy 0.8708974759709307
2020-06-24 03:47:17 PM - INFO - Round 14
2020-06-24 03:48:23 PM - INFO - Now train with 150000 samples
2020-06-24 03:55:04 PM - INFO - testing accuracy 0.898667656481988
2020-06-24 03:55:04 PM - INFO - Round 15
2020-06-24 03:55:59 PM - INFO - Now train with 160000 samples
2020-06-24 04:02:48 PM - INFO - testing accuracy 0.8670098460576697
2020-06-24 04:02:48 PM - INFO - Round 16
2020-06-24 04:03:43 PM - INFO - Now train with 170000 samples
2020-06-24 04:10:43 PM - INFO - testing accuracy 0.877412674845667
2020-06-24 04:10:43 PM - INFO - Round 17
2020-06-24 04:11:36 PM - INFO - Now train with 180000 samples
2020-06-24 04:19:02 PM - INFO - testing accuracy 0.8865554426818786
2020-06-24 04:19:02 PM - INFO - Round 18
2020-06-24 04:19:54 PM - INFO - Now train with 190000 samples
2020-06-24 04:27:48 PM - INFO - testing accuracy 0.8854614362741268
2020-06-24 04:27:48 PM - INFO - Round 19
2020-06-24 04:28:40 PM - INFO - Now train with 200000 samples
2020-06-24 04:37:16 PM - INFO - testing accuracy 0.897329452215363
2020-06-24 04:37:16 PM - INFO - Round 20
2020-06-24 04:38:06 PM - INFO - Now train with 210000 samples
2020-06-24 04:47:12 PM - INFO - testing accuracy 0.8757618973196843
2020-06-24 04:47:12 PM - INFO - learning complete using 7096.195041179657 seconds
2020-06-24 04:47:12 PM - INFO - write results into csv
