2020-06-24 05:47:01 PM - INFO - DATA NAME: psse
2020-06-24 05:47:01 PM - INFO - STRATEGY: MarginSampling
2020-06-24 05:47:01 PM - INFO - SEED: 1
2020-06-24 05:47:01 PM - INFO - NUM_INIT_LB: 10000
2020-06-24 05:47:01 PM - INFO - NUM_QUERY: 10000
2020-06-24 05:47:01 PM - INFO - NUM_ROUND: 20
2020-06-24 05:47:01 PM - INFO - LEARNING_RATE: 0.001
2020-06-24 05:47:01 PM - INFO - Predict using untrained model
2020-06-24 05:47:03 PM - INFO - Initial testing accuracy 0.6362624052512308
2020-06-24 05:47:03 PM - INFO - Now train with 10000 samples
2020-06-24 05:47:38 PM - INFO - Round 0 testing accuracy 0.8424337735406736
2020-06-24 05:47:38 PM - INFO - Round 1
2020-06-24 05:47:44 PM - INFO - Now train with 20000 samples
2020-06-24 05:48:38 PM - INFO - testing accuracy 0.8527975306712511
2020-06-24 05:48:38 PM - INFO - Round 2
2020-06-24 05:48:45 PM - INFO - Now train with 30000 samples
2020-06-24 05:49:58 PM - INFO - testing accuracy 0.8898081581620693
2020-06-24 05:49:58 PM - INFO - Round 3
2020-06-24 05:50:06 PM - INFO - Now train with 40000 samples
2020-06-24 05:51:40 PM - INFO - testing accuracy 0.8610904899585841
2020-06-24 05:51:40 PM - INFO - Round 4
2020-06-24 05:51:48 PM - INFO - Now train with 50000 samples
2020-06-24 05:53:43 PM - INFO - testing accuracy 0.8810951785574744
2020-06-24 05:53:43 PM - INFO - Round 5
2020-06-24 05:53:50 PM - INFO - Now train with 60000 samples
2020-06-24 05:56:11 PM - INFO - testing accuracy 0.8941255763069469
2020-06-24 05:56:11 PM - INFO - Round 6
2020-06-24 05:56:17 PM - INFO - Now train with 70000 samples
2020-06-24 05:59:06 PM - INFO - testing accuracy 0.8475228569195905
2020-06-24 05:59:06 PM - INFO - Round 7
2020-06-24 05:59:13 PM - INFO - Now train with 80000 samples
2020-06-24 06:02:25 PM - INFO - testing accuracy 0.9190044541689458
2020-06-24 06:02:25 PM - INFO - Round 8
2020-06-24 06:02:32 PM - INFO - Now train with 90000 samples
2020-06-24 06:06:15 PM - INFO - testing accuracy 0.9015784949597562
2020-06-24 06:06:15 PM - INFO - Round 9
2020-06-24 06:06:22 PM - INFO - Now train with 100000 samples
2020-06-24 06:10:27 PM - INFO - testing accuracy 0.8944283816519497
2020-06-24 06:10:27 PM - INFO - Round 10
2020-06-24 06:10:33 PM - INFO - Now train with 110000 samples
2020-06-24 06:14:56 PM - INFO - testing accuracy 0.877275924044698
2020-06-24 06:14:56 PM - INFO - Round 11
2020-06-24 06:15:02 PM - INFO - Now train with 120000 samples
2020-06-24 06:19:45 PM - INFO - testing accuracy 0.8556595295772447
2020-06-24 06:19:45 PM - INFO - Round 12
2020-06-24 06:19:51 PM - INFO - Now train with 130000 samples
2020-06-24 06:25:09 PM - INFO - testing accuracy 0.8676056888333203
2020-06-24 06:25:09 PM - INFO - Round 13
2020-06-24 06:25:15 PM - INFO - Now train with 140000 samples
2020-06-24 06:30:49 PM - INFO - testing accuracy 0.8468977104008752
2020-06-24 06:30:49 PM - INFO - Round 14
2020-06-24 06:30:55 PM - INFO - Now train with 150000 samples
2020-06-24 06:37:00 PM - INFO - testing accuracy 0.8526607798702821
2020-06-24 06:37:00 PM - INFO - Round 15
2020-06-24 06:37:05 PM - INFO - Now train with 160000 samples
2020-06-24 06:43:44 PM - INFO - testing accuracy 0.913231616785184
2020-06-24 06:43:44 PM - INFO - Round 16
2020-06-24 06:43:50 PM - INFO - Now train with 170000 samples
2020-06-24 06:51:05 PM - INFO - testing accuracy 0.8958935688051887
2020-06-24 06:51:05 PM - INFO - Round 17
2020-06-24 06:51:10 PM - INFO - Now train with 180000 samples
2020-06-24 06:58:29 PM - INFO - testing accuracy 0.9078397280612643
2020-06-24 06:58:29 PM - INFO - Round 18
2020-06-24 06:58:35 PM - INFO - Now train with 190000 samples
2020-06-24 07:06:22 PM - INFO - testing accuracy 0.9197468156599203
2020-06-24 07:06:22 PM - INFO - Round 19
