2020-06-26 12:22:33 AM — INFO — main (158):  DATA NAME: psse
2020-06-26 12:22:33 AM — INFO — main (159):  STRATEGY: RandomSampling
2020-06-26 12:22:33 AM — INFO — main (160):  SEED: 2
2020-06-26 12:22:33 AM — INFO — main (161):  NUM_INIT_LB: 10000
2020-06-26 12:22:33 AM — INFO — main (162):  NUM_QUERY: 10000
2020-06-26 12:22:33 AM — INFO — main (163):  NUM_ROUND: 20
2020-06-26 12:22:33 AM — INFO — main (164):  LEARNING_RATE: 0.001
2020-06-26 12:22:33 AM — INFO — main (165):  BATCH_SIZE: 64
2020-06-26 12:22:33 AM — INFO — main (166):  N_EPOCH: 20
2020-06-26 12:22:33 AM — INFO — predict (73):  Predict using untrained model
2020-06-26 12:22:35 AM — INFO — main (178):  Initial testing accuracy 0.4796632023130421
2020-06-26 12:22:35 AM — INFO — train (63):  Now train with 10000 samples
2020-06-26 12:22:52 AM — INFO — predict (77):  Predict using trained model
2020-06-26 12:22:54 AM — INFO — main (188):  Round 0 testing accuracy 0.8345803703993123
2020-06-26 12:22:54 AM — INFO — main (195):  Round 1
2020-06-26 12:22:54 AM — INFO — train (63):  Now train with 19893 samples
2020-06-26 12:23:22 AM — INFO — predict (77):  Predict using trained model
2020-06-26 12:23:24 AM — INFO — main (209):  testing accuracy 0.7719094318981011
2020-06-26 12:23:24 AM — INFO — main (195):  Round 2
2020-06-26 12:23:24 AM — INFO — train (63):  Now train with 29785 samples
2020-06-26 12:24:09 AM — INFO — predict (77):  Predict using trained model
2020-06-26 12:24:11 AM — INFO — main (209):  testing accuracy 0.8186684379151363
2020-06-26 12:24:11 AM — INFO — main (195):  Round 3
2020-06-26 12:24:11 AM — INFO — train (63):  Now train with 39685 samples
2020-06-26 12:25:13 AM — INFO — predict (77):  Predict using trained model
2020-06-26 12:25:15 AM — INFO — main (209):  testing accuracy 0.8344631554270532
2020-06-26 12:25:15 AM — INFO — main (195):  Round 4
2020-06-26 12:25:15 AM — INFO — train (63):  Now train with 49573 samples
2020-06-26 12:26:35 AM — INFO — predict (77):  Predict using trained model
2020-06-26 12:26:37 AM — INFO — main (209):  testing accuracy 0.8668242556849262
2020-06-26 12:26:37 AM — INFO — main (195):  Round 5
2020-06-26 12:26:37 AM — INFO — train (63):  Now train with 59457 samples
2020-06-26 12:28:19 AM — INFO — predict (77):  Predict using trained model
2020-06-26 12:28:21 AM — INFO — main (209):  testing accuracy 0.8622724075955303
2020-06-26 12:28:21 AM — INFO — main (195):  Round 6
2020-06-26 12:28:21 AM — INFO — train (63):  Now train with 69357 samples
2020-06-26 12:30:26 AM — INFO — predict (77):  Predict using trained model
2020-06-26 12:30:27 AM — INFO — main (209):  testing accuracy 0.8471223724310385
2020-06-26 12:30:27 AM — INFO — main (195):  Round 7
2020-06-26 12:30:27 AM — INFO — train (63):  Now train with 79233 samples
2020-06-26 12:32:53 AM — INFO — predict (77):  Predict using trained model
2020-06-26 12:32:54 AM — INFO — main (209):  testing accuracy 0.8357427522075487
2020-06-26 12:32:54 AM — INFO — main (195):  Round 8
2020-06-26 12:32:54 AM — INFO — train (63):  Now train with 89131 samples
2020-06-26 12:35:43 AM — INFO — predict (77):  Predict using trained model
2020-06-26 12:35:44 AM — INFO — main (209):  testing accuracy 0.8348245682581855
2020-06-26 12:35:44 AM — INFO — main (195):  Round 9
2020-06-26 12:35:44 AM — INFO — train (63):  Now train with 99010 samples
2020-06-26 12:38:52 AM — INFO — predict (77):  Predict using trained model
2020-06-26 12:38:53 AM — INFO — main (209):  testing accuracy 0.8663456278815347
2020-06-26 12:38:53 AM — INFO — main (195):  Round 10
2020-06-26 12:38:53 AM — INFO — train (63):  Now train with 108892 samples
2020-06-26 12:42:17 AM — INFO — predict (77):  Predict using trained model
2020-06-26 12:42:18 AM — INFO — main (209):  testing accuracy 0.8735543486754708
2020-06-26 12:42:18 AM — INFO — main (195):  Round 11
2020-06-26 12:42:18 AM — INFO — train (63):  Now train with 118764 samples
2020-06-26 12:46:06 AM — INFO — predict (77):  Predict using trained model
2020-06-26 12:46:07 AM — INFO — main (209):  testing accuracy 0.8530905681018989
2020-06-26 12:46:07 AM — INFO — main (195):  Round 12
2020-06-26 12:46:07 AM — INFO — train (63):  Now train with 128633 samples
2020-06-26 12:50:08 AM — INFO — predict (77):  Predict using trained model
2020-06-26 12:50:09 AM — INFO — main (209):  testing accuracy 0.8470735328592639
2020-06-26 12:50:09 AM — INFO — main (195):  Round 13
2020-06-26 12:50:09 AM — INFO — train (63):  Now train with 138504 samples
2020-06-26 12:54:38 AM — INFO — predict (77):  Predict using trained model
2020-06-26 12:54:39 AM — INFO — main (209):  testing accuracy 0.9141888723919669
2020-06-26 12:54:39 AM — INFO — main (195):  Round 14
2020-06-26 12:54:39 AM — INFO — train (63):  Now train with 148360 samples
2020-06-26 12:59:30 AM — INFO — predict (77):  Predict using trained model
2020-06-26 12:59:31 AM — INFO — main (209):  testing accuracy 0.8719817144643276
2020-06-26 12:59:31 AM — INFO — main (195):  Round 15
2020-06-26 12:59:31 AM — INFO — train (63):  Now train with 158214 samples
2020-06-26 01:04:42 AM — INFO — predict (77):  Predict using trained model
2020-06-26 01:04:43 AM — INFO — main (209):  testing accuracy 0.8724701101820739
2020-06-26 01:04:43 AM — INFO — main (195):  Round 16
2020-06-26 01:04:43 AM — INFO — train (63):  Now train with 168048 samples
2020-06-26 01:10:21 AM — INFO — predict (77):  Predict using trained model
2020-06-26 01:10:22 AM — INFO — main (209):  testing accuracy 0.9076150660311011
2020-06-26 01:10:22 AM — INFO — main (195):  Round 17
2020-06-26 01:10:23 AM — INFO — train (63):  Now train with 177907 samples
2020-06-26 01:16:19 AM — INFO — predict (77):  Predict using trained model
2020-06-26 01:16:20 AM — INFO — main (209):  testing accuracy 0.8533640697038368
2020-06-26 01:16:20 AM — INFO — main (195):  Round 18
2020-06-26 01:16:20 AM — INFO — train (63):  Now train with 187754 samples
2020-06-26 01:22:32 AM — INFO — predict (77):  Predict using trained model
2020-06-26 01:22:33 AM — INFO — main (209):  testing accuracy 0.9046163163241385
2020-06-26 01:22:33 AM — INFO — main (195):  Round 19
2020-06-26 01:22:33 AM — INFO — train (63):  Now train with 197603 samples
2020-06-26 01:29:22 AM — INFO — predict (77):  Predict using trained model
2020-06-26 01:29:24 AM — INFO — main (209):  testing accuracy 0.8548390247714308
2020-06-26 01:29:24 AM — INFO — main (195):  Round 20
2020-06-26 01:29:24 AM — INFO — train (63):  Now train with 207460 samples
2020-06-26 01:36:25 AM — INFO — predict (77):  Predict using trained model
2020-06-26 01:36:27 AM — INFO — main (209):  testing accuracy 0.8850121122138002
2020-06-26 01:36:27 AM — INFO — main (214):  learning complete using 4433.227035999298 seconds
2020-06-26 01:36:27 AM — INFO — main (215):  write accuracy records into csv
