2020-07-26 01:08:03 PM - INFO - main (115):  DATA NAME: psse
2020-07-26 01:08:03 PM - INFO - main (116):  STRATEGY: LeastConfidence
2020-07-26 01:08:03 PM - INFO - main (117):  SEED: 1
2020-07-26 01:08:03 PM - INFO - main (118):  NUM_INIT_LB: 100
2020-07-26 01:08:03 PM - INFO - main (119):  NUM_QUERY: 20
2020-07-26 01:08:03 PM - INFO - main (120):  NUM_ROUND: 30
2020-07-26 01:08:03 PM - INFO - main (121):  LEARNING_RATE: 0.001
2020-07-26 01:08:03 PM - INFO - main (122):  BATCH_SIZE: 64
2020-07-26 01:08:03 PM - INFO - main (123):  N_EPOCH: 100
2020-07-26 01:08:03 PM - INFO - get_local_csv (52):  Normalize dataset x
2020-07-26 01:08:03 PM - INFO - get_local_csv (60):  Sample number: 
2020-07-26 01:08:03 PM - INFO - get_local_csv (61):  Feature number: 
2020-07-26 01:08:03 PM - INFO - get_local_csv (62):  Label number: 
2020-07-26 01:08:03 PM - INFO - get_local_csv (66):  create balanced data
2020-07-26 01:08:03 PM - INFO - get_local_csv (73):  Balance data numbers: 
2020-07-26 01:08:03 PM - INFO - get_local_csv (78):  Using 60000.0 for training
2020-07-26 01:08:03 PM - INFO - get_local_csv (91):  Test option 2: using the entire dataset
2020-07-26 01:08:03 PM - INFO - predict (73):  Predict using untrained model
2020-07-26 01:08:07 PM - INFO - main (196):  Initial testing accuracy 0.79235
2020-07-26 01:08:07 PM - INFO - train (63):  Now train with 100 samples
2020-07-26 01:11:52 PM - INFO - predict (77):  Predict using trained model
2020-07-26 01:11:55 PM - INFO - main (206):  Round 0 testing accuracy 0.96598
2020-07-26 01:11:57 PM - INFO - main (229):  Round 1
2020-07-26 01:11:57 PM - DEBUG - predict_prob (102):  shape of probs is torch.Size([59900, 2])
2020-07-26 01:12:00 PM - INFO - main (235):  Query 20 samples
2020-07-26 01:12:01 PM - INFO - train (63):  Now train with 120 samples
2020-07-26 01:16:02 PM - INFO - predict (77):  Predict using trained model
2020-07-26 01:16:06 PM - INFO - main (256):  testing accuracy 0.98313
2020-07-26 01:16:06 PM - INFO - main (229):  Round 2
2020-07-26 01:16:06 PM - DEBUG - predict_prob (102):  shape of probs is torch.Size([59880, 2])
2020-07-26 01:16:09 PM - INFO - main (235):  Query 20 samples
2020-07-26 01:16:10 PM - INFO - train (63):  Now train with 140 samples
2020-07-26 01:20:03 PM - INFO - predict (77):  Predict using trained model
2020-07-26 01:20:06 PM - INFO - main (256):  testing accuracy 0.98287
2020-07-26 01:20:06 PM - INFO - main (229):  Round 3
2020-07-26 01:20:06 PM - DEBUG - predict_prob (102):  shape of probs is torch.Size([59860, 2])
2020-07-26 01:20:10 PM - INFO - main (235):  Query 20 samples
2020-07-26 01:20:11 PM - INFO - train (63):  Now train with 160 samples
2020-07-26 01:24:05 PM - INFO - predict (77):  Predict using trained model
2020-07-26 01:24:08 PM - INFO - main (256):  testing accuracy 0.98819
2020-07-26 01:24:08 PM - INFO - main (229):  Round 4
2020-07-26 01:24:08 PM - DEBUG - predict_prob (102):  shape of probs is torch.Size([59840, 2])
2020-07-26 01:24:12 PM - INFO - main (235):  Query 20 samples
2020-07-26 01:24:13 PM - INFO - train (63):  Now train with 180 samples
2020-07-26 01:28:12 PM - INFO - predict (77):  Predict using trained model
2020-07-26 01:28:15 PM - INFO - main (256):  testing accuracy 0.99228
2020-07-26 01:28:15 PM - INFO - main (262):  testing accuracy achieves the termination condition at iteration 4
2020-07-26 01:28:15 PM - INFO - main (265):  learning complete using 1212.021516084671 seconds
2020-07-26 01:28:15 PM - INFO - main (266):  write accuracy records into csv
2020-07-26 01:28:15 PM - INFO - predict (77):  Predict using trained model
