2020-06-29 11:15:47 PM - INFO - main (114):  DATA NAME: psse
2020-06-29 11:15:47 PM - INFO - main (115):  STRATEGY: MarginSampling
2020-06-29 11:15:47 PM - INFO - main (116):  SEED: 5
2020-06-29 11:15:47 PM - INFO - main (117):  NUM_INIT_LB: 100
2020-06-29 11:15:47 PM - INFO - main (118):  NUM_QUERY: 20
2020-06-29 11:15:47 PM - INFO - main (119):  NUM_ROUND: 30
2020-06-29 11:15:47 PM - INFO - main (120):  LEARNING_RATE: 0.001
2020-06-29 11:15:47 PM - INFO - main (121):  BATCH_SIZE: 64
2020-06-29 11:15:47 PM - INFO - main (122):  N_EPOCH: 20
2020-06-29 11:15:47 PM - INFO - get_local_csv (52):  Normalize dataset x
2020-06-29 11:15:47 PM - INFO - get_local_csv (60):  Sample number: 
2020-06-29 11:15:47 PM - INFO - get_local_csv (61):  Feature number: 
2020-06-29 11:15:47 PM - INFO - get_local_csv (62):  Label number: 
2020-06-29 11:15:47 PM - INFO - get_local_csv (66):  create balanced data
2020-06-29 11:15:47 PM - INFO - get_local_csv (73):  Balance data numbers: 
2020-06-29 11:15:47 PM - INFO - get_local_csv (78):  Using 60000.0 for training
2020-06-29 11:15:47 PM - INFO - get_local_csv (91):  Test option 2: using the entire dataset
2020-06-29 11:15:47 PM - INFO - predict (73):  Predict using untrained model
2020-06-29 11:15:50 PM - INFO - main (195):  Initial testing accuracy 0.82965
2020-06-29 11:15:50 PM - INFO - train (63):  Now train with 100 samples
2020-06-29 11:16:36 PM - INFO - predict (77):  Predict using trained model
2020-06-29 11:16:40 PM - INFO - main (205):  Round 0 testing accuracy 0.98731
2020-06-29 11:16:42 PM - INFO - main (219):  Round 1
2020-06-29 11:16:42 PM - DEBUG - predict_prob (102):  shape of probs is torch.Size([59900, 2])
2020-06-29 11:16:45 PM - INFO - main (225):  Query 20 samples
2020-06-29 11:16:47 PM - INFO - train (63):  Now train with 120 samples
2020-06-29 11:17:43 PM - INFO - predict (77):  Predict using trained model
2020-06-29 11:17:47 PM - INFO - main (246):  testing accuracy 0.93816
2020-06-29 11:17:47 PM - INFO - main (219):  Round 2
2020-06-29 11:17:47 PM - DEBUG - predict_prob (102):  shape of probs is torch.Size([59880, 2])
2020-06-29 11:17:50 PM - INFO - main (225):  Query 20 samples
2020-06-29 11:17:51 PM - INFO - train (63):  Now train with 140 samples
2020-06-29 11:18:40 PM - INFO - predict (77):  Predict using trained model
2020-06-29 11:18:43 PM - INFO - main (246):  testing accuracy 0.9766
2020-06-29 11:18:43 PM - INFO - main (219):  Round 3
2020-06-29 11:18:43 PM - DEBUG - predict_prob (102):  shape of probs is torch.Size([59860, 2])
2020-06-29 11:18:46 PM - INFO - main (225):  Query 20 samples
2020-06-29 11:18:48 PM - INFO - train (63):  Now train with 160 samples
2020-06-29 11:19:35 PM - INFO - predict (77):  Predict using trained model
2020-06-29 11:19:38 PM - INFO - main (246):  testing accuracy 0.98304
2020-06-29 11:19:38 PM - INFO - main (219):  Round 4
2020-06-29 11:19:38 PM - DEBUG - predict_prob (102):  shape of probs is torch.Size([59840, 2])
2020-06-29 11:19:41 PM - INFO - main (225):  Query 20 samples
2020-06-29 11:19:42 PM - INFO - train (63):  Now train with 180 samples
2020-06-29 11:20:30 PM - INFO - predict (77):  Predict using trained model
2020-06-29 11:20:33 PM - INFO - main (246):  testing accuracy 0.985
2020-06-29 11:20:33 PM - INFO - main (219):  Round 5
2020-06-29 11:20:33 PM - DEBUG - predict_prob (102):  shape of probs is torch.Size([59820, 2])
2020-06-29 11:20:36 PM - INFO - main (225):  Query 20 samples
2020-06-29 11:20:38 PM - INFO - train (63):  Now train with 200 samples
2020-06-29 11:21:26 PM - INFO - predict (77):  Predict using trained model
2020-06-29 11:21:29 PM - INFO - main (246):  testing accuracy 0.97221
2020-06-29 11:21:29 PM - INFO - main (219):  Round 6
2020-06-29 11:21:29 PM - DEBUG - predict_prob (102):  shape of probs is torch.Size([59800, 2])
2020-06-29 11:21:32 PM - INFO - main (225):  Query 20 samples
2020-06-29 11:21:33 PM - INFO - train (63):  Now train with 220 samples
2020-06-29 11:22:19 PM - INFO - predict (77):  Predict using trained model
2020-06-29 11:22:23 PM - INFO - main (246):  testing accuracy 0.98779
2020-06-29 11:22:23 PM - INFO - main (219):  Round 7
2020-06-29 11:22:23 PM - DEBUG - predict_prob (102):  shape of probs is torch.Size([59780, 2])
2020-06-29 11:22:26 PM - INFO - main (225):  Query 20 samples
2020-06-29 11:22:27 PM - INFO - train (63):  Now train with 240 samples
2020-06-29 11:23:14 PM - INFO - predict (77):  Predict using trained model
2020-06-29 11:23:17 PM - INFO - main (246):  testing accuracy 0.99115
2020-06-29 11:23:17 PM - INFO - main (219):  Round 8
2020-06-29 11:23:17 PM - DEBUG - predict_prob (102):  shape of probs is torch.Size([59760, 2])
2020-06-29 11:23:20 PM - INFO - main (225):  Query 20 samples
2020-06-29 11:23:21 PM - INFO - train (63):  Now train with 260 samples
2020-06-29 11:24:08 PM - INFO - predict (77):  Predict using trained model
2020-06-29 11:24:11 PM - INFO - main (246):  testing accuracy 0.97813
2020-06-29 11:24:11 PM - INFO - main (219):  Round 9
2020-06-29 11:24:11 PM - DEBUG - predict_prob (102):  shape of probs is torch.Size([59740, 2])
2020-06-29 11:24:14 PM - INFO - main (225):  Query 20 samples
2020-06-29 11:24:16 PM - INFO - train (63):  Now train with 280 samples
2020-06-29 11:25:02 PM - INFO - predict (77):  Predict using trained model
2020-06-29 11:25:06 PM - INFO - main (246):  testing accuracy 0.97996
2020-06-29 11:25:06 PM - INFO - main (219):  Round 10
2020-06-29 11:25:06 PM - DEBUG - predict_prob (102):  shape of probs is torch.Size([59720, 2])
2020-06-29 11:25:09 PM - INFO - main (225):  Query 20 samples
2020-06-29 11:25:10 PM - INFO - train (63):  Now train with 300 samples
2020-06-29 11:25:57 PM - INFO - predict (77):  Predict using trained model
2020-06-29 11:26:01 PM - INFO - main (246):  testing accuracy 0.99218
2020-06-29 11:26:01 PM - INFO - main (219):  Round 11
2020-06-29 11:26:01 PM - DEBUG - predict_prob (102):  shape of probs is torch.Size([59700, 2])
2020-06-29 11:26:04 PM - INFO - main (225):  Query 20 samples
2020-06-29 11:26:05 PM - INFO - train (63):  Now train with 320 samples
2020-06-29 11:26:51 PM - INFO - predict (77):  Predict using trained model
2020-06-29 11:26:55 PM - INFO - main (246):  testing accuracy 0.98966
2020-06-29 11:26:55 PM - INFO - main (219):  Round 12
2020-06-29 11:26:55 PM - DEBUG - predict_prob (102):  shape of probs is torch.Size([59680, 2])
2020-06-29 11:26:58 PM - INFO - main (225):  Query 20 samples
2020-06-29 11:26:59 PM - INFO - train (63):  Now train with 340 samples
2020-06-29 11:27:47 PM - INFO - predict (77):  Predict using trained model
2020-06-29 11:27:50 PM - INFO - main (246):  testing accuracy 0.99344
2020-06-29 11:27:50 PM - INFO - main (219):  Round 13
2020-06-29 11:27:50 PM - DEBUG - predict_prob (102):  shape of probs is torch.Size([59660, 2])
2020-06-29 11:27:53 PM - INFO - main (225):  Query 20 samples
2020-06-29 11:27:55 PM - INFO - train (63):  Now train with 360 samples
2020-06-29 11:28:41 PM - INFO - predict (77):  Predict using trained model
2020-06-29 11:28:44 PM - INFO - main (246):  testing accuracy 0.99326
2020-06-29 11:28:44 PM - INFO - main (219):  Round 14
2020-06-29 11:28:44 PM - DEBUG - predict_prob (102):  shape of probs is torch.Size([59640, 2])
2020-06-29 11:28:47 PM - INFO - main (225):  Query 20 samples
2020-06-29 11:28:48 PM - INFO - train (63):  Now train with 380 samples
2020-06-29 11:29:35 PM - INFO - predict (77):  Predict using trained model
2020-06-29 11:29:38 PM - INFO - main (246):  testing accuracy 0.99167
2020-06-29 11:29:38 PM - INFO - main (219):  Round 15
2020-06-29 11:29:38 PM - DEBUG - predict_prob (102):  shape of probs is torch.Size([59620, 2])
2020-06-29 11:29:41 PM - INFO - main (225):  Query 20 samples
2020-06-29 11:29:42 PM - INFO - train (63):  Now train with 400 samples
2020-06-29 11:30:28 PM - INFO - predict (77):  Predict using trained model
2020-06-29 11:30:32 PM - INFO - main (246):  testing accuracy 0.9806
2020-06-29 11:30:32 PM - INFO - main (219):  Round 16
2020-06-29 11:30:32 PM - DEBUG - predict_prob (102):  shape of probs is torch.Size([59600, 2])
2020-06-29 11:30:35 PM - INFO - main (225):  Query 20 samples
2020-06-29 11:30:36 PM - INFO - train (63):  Now train with 420 samples
2020-06-29 11:31:22 PM - INFO - predict (77):  Predict using trained model
2020-06-29 11:31:26 PM - INFO - main (246):  testing accuracy 0.98885
2020-06-29 11:31:26 PM - INFO - main (219):  Round 17
2020-06-29 11:31:26 PM - DEBUG - predict_prob (102):  shape of probs is torch.Size([59580, 2])
2020-06-29 11:31:29 PM - INFO - main (225):  Query 20 samples
2020-06-29 11:31:30 PM - INFO - train (63):  Now train with 440 samples
2020-06-29 11:32:16 PM - INFO - predict (77):  Predict using trained model
2020-06-29 11:32:20 PM - INFO - main (246):  testing accuracy 0.99182
2020-06-29 11:32:20 PM - INFO - main (219):  Round 18
2020-06-29 11:32:20 PM - DEBUG - predict_prob (102):  shape of probs is torch.Size([59560, 2])
2020-06-29 11:32:23 PM - INFO - main (225):  Query 20 samples
2020-06-29 11:32:24 PM - INFO - train (63):  Now train with 460 samples
2020-06-29 11:33:11 PM - INFO - predict (77):  Predict using trained model
2020-06-29 11:33:14 PM - INFO - main (246):  testing accuracy 0.98988
2020-06-29 11:33:14 PM - INFO - main (219):  Round 19
2020-06-29 11:33:14 PM - DEBUG - predict_prob (102):  shape of probs is torch.Size([59540, 2])
2020-06-29 11:33:17 PM - INFO - main (225):  Query 20 samples
2020-06-29 11:33:18 PM - INFO - train (63):  Now train with 480 samples
2020-06-29 11:34:04 PM - INFO - predict (77):  Predict using trained model
2020-06-29 11:34:08 PM - INFO - main (246):  testing accuracy 0.9926
2020-06-29 11:34:08 PM - INFO - main (219):  Round 20
2020-06-29 11:34:08 PM - DEBUG - predict_prob (102):  shape of probs is torch.Size([59520, 2])
2020-06-29 11:34:11 PM - INFO - main (225):  Query 20 samples
2020-06-29 11:34:12 PM - INFO - train (63):  Now train with 500 samples
2020-06-29 11:34:58 PM - INFO - predict (77):  Predict using trained model
2020-06-29 11:35:01 PM - INFO - main (246):  testing accuracy 0.99141
2020-06-29 11:35:01 PM - INFO - main (219):  Round 21
2020-06-29 11:35:01 PM - DEBUG - predict_prob (102):  shape of probs is torch.Size([59500, 2])
2020-06-29 11:35:04 PM - INFO - main (225):  Query 20 samples
2020-06-29 11:35:06 PM - INFO - train (63):  Now train with 520 samples
2020-06-29 11:35:52 PM - INFO - predict (77):  Predict using trained model
2020-06-29 11:35:55 PM - INFO - main (246):  testing accuracy 0.99138
2020-06-29 11:35:55 PM - INFO - main (219):  Round 22
2020-06-29 11:35:55 PM - DEBUG - predict_prob (102):  shape of probs is torch.Size([59480, 2])
2020-06-29 11:35:58 PM - INFO - main (225):  Query 20 samples
2020-06-29 11:35:59 PM - INFO - train (63):  Now train with 540 samples
2020-06-29 11:36:46 PM - INFO - predict (77):  Predict using trained model
2020-06-29 11:36:49 PM - INFO - main (246):  testing accuracy 0.99215
2020-06-29 11:36:49 PM - INFO - main (219):  Round 23
2020-06-29 11:36:49 PM - DEBUG - predict_prob (102):  shape of probs is torch.Size([59460, 2])
2020-06-29 11:36:52 PM - INFO - main (225):  Query 20 samples
2020-06-29 11:36:53 PM - INFO - train (63):  Now train with 560 samples
2020-06-29 11:37:39 PM - INFO - predict (77):  Predict using trained model
2020-06-29 11:37:43 PM - INFO - main (246):  testing accuracy 0.99309
2020-06-29 11:37:43 PM - INFO - main (219):  Round 24
2020-06-29 11:37:43 PM - DEBUG - predict_prob (102):  shape of probs is torch.Size([59440, 2])
2020-06-29 11:37:46 PM - INFO - main (225):  Query 20 samples
2020-06-29 11:37:47 PM - INFO - train (63):  Now train with 580 samples
2020-06-29 11:38:33 PM - INFO - predict (77):  Predict using trained model
2020-06-29 11:38:36 PM - INFO - main (246):  testing accuracy 0.97013
2020-06-29 11:38:36 PM - INFO - main (219):  Round 25
2020-06-29 11:38:36 PM - DEBUG - predict_prob (102):  shape of probs is torch.Size([59420, 2])
2020-06-29 11:38:39 PM - INFO - main (225):  Query 20 samples
2020-06-29 11:38:40 PM - INFO - train (63):  Now train with 600 samples
2020-06-29 11:39:26 PM - INFO - predict (77):  Predict using trained model
2020-06-29 11:39:29 PM - INFO - main (246):  testing accuracy 0.99121
2020-06-29 11:39:29 PM - INFO - main (219):  Round 26
2020-06-29 11:39:29 PM - DEBUG - predict_prob (102):  shape of probs is torch.Size([59400, 2])
2020-06-29 11:39:32 PM - INFO - main (225):  Query 20 samples
2020-06-29 11:39:34 PM - INFO - train (63):  Now train with 620 samples
2020-06-29 11:40:20 PM - INFO - predict (77):  Predict using trained model
2020-06-29 11:40:23 PM - INFO - main (246):  testing accuracy 0.99616
2020-06-29 11:40:23 PM - INFO - main (219):  Round 27
2020-06-29 11:40:23 PM - DEBUG - predict_prob (102):  shape of probs is torch.Size([59380, 2])
2020-06-29 11:40:26 PM - INFO - main (225):  Query 20 samples
2020-06-29 11:40:27 PM - INFO - train (63):  Now train with 640 samples
2020-06-29 11:41:14 PM - INFO - predict (77):  Predict using trained model
2020-06-29 11:41:17 PM - INFO - main (246):  testing accuracy 0.99281
2020-06-29 11:41:17 PM - INFO - main (219):  Round 28
2020-06-29 11:41:17 PM - DEBUG - predict_prob (102):  shape of probs is torch.Size([59360, 2])
2020-06-29 11:41:20 PM - INFO - main (225):  Query 20 samples
2020-06-29 11:41:22 PM - INFO - train (63):  Now train with 660 samples
2020-06-29 11:42:08 PM - INFO - predict (77):  Predict using trained model
2020-06-29 11:42:11 PM - INFO - main (246):  testing accuracy 0.99235
2020-06-29 11:42:11 PM - INFO - main (219):  Round 29
2020-06-29 11:42:11 PM - DEBUG - predict_prob (102):  shape of probs is torch.Size([59340, 2])
2020-06-29 11:42:14 PM - INFO - main (225):  Query 20 samples
2020-06-29 11:42:15 PM - INFO - train (63):  Now train with 680 samples
2020-06-29 11:43:01 PM - INFO - predict (77):  Predict using trained model
2020-06-29 11:43:05 PM - INFO - main (246):  testing accuracy 0.99363
2020-06-29 11:43:05 PM - INFO - main (219):  Round 30
2020-06-29 11:43:05 PM - DEBUG - predict_prob (102):  shape of probs is torch.Size([59320, 2])
2020-06-29 11:43:08 PM - INFO - main (225):  Query 20 samples
2020-06-29 11:43:09 PM - INFO - train (63):  Now train with 700 samples
2020-06-29 11:43:55 PM - INFO - predict (77):  Predict using trained model
2020-06-29 11:43:59 PM - INFO - main (246):  testing accuracy 0.99457
2020-06-29 11:43:59 PM - INFO - main (251):  learning complete using 1691.140023469925 seconds
2020-06-29 11:43:59 PM - INFO - main (252):  write accuracy records into csv
