2020-07-21 11:24:21 AM - INFO - main (115):  DATA NAME: psse
2020-07-21 11:24:21 AM - INFO - main (116):  STRATEGY: MarginSampling
2020-07-21 11:24:21 AM - INFO - main (117):  SEED: 1
2020-07-21 11:24:21 AM - INFO - main (118):  NUM_INIT_LB: 100
2020-07-21 11:24:21 AM - INFO - main (119):  NUM_QUERY: 20
2020-07-21 11:24:21 AM - INFO - main (120):  NUM_ROUND: 10
2020-07-21 11:24:21 AM - INFO - main (121):  LEARNING_RATE: 0.001
2020-07-21 11:24:21 AM - INFO - main (122):  BATCH_SIZE: 64
2020-07-21 11:24:21 AM - INFO - main (123):  N_EPOCH: 100
2020-07-21 11:24:22 AM - INFO - get_local_csv (52):  Normalize dataset x
2020-07-21 11:24:22 AM - INFO - get_local_csv (60):  Sample number: 
2020-07-21 11:24:22 AM - INFO - get_local_csv (61):  Feature number: 
2020-07-21 11:24:22 AM - INFO - get_local_csv (62):  Label number: 
2020-07-21 11:24:22 AM - INFO - get_local_csv (66):  create balanced data
2020-07-21 11:24:22 AM - INFO - get_local_csv (73):  Balance data numbers: 
2020-07-21 11:24:22 AM - INFO - get_local_csv (78):  Using 60000.0 for training
2020-07-21 11:24:22 AM - INFO - get_local_csv (91):  Test option 2: using the entire dataset
2020-07-21 11:24:23 AM - INFO - predict (73):  Predict using untrained model
2020-07-21 11:24:41 AM - INFO - main (196):  Initial testing accuracy 0.79235
2020-07-21 11:24:42 AM - INFO - train (63):  Now train with 100 samples
2020-07-21 11:34:11 AM - INFO - predict (77):  Predict using trained model
2020-07-21 11:34:19 AM - INFO - main (206):  Round 0 testing accuracy 0.96598
2020-07-21 11:34:32 AM - INFO - main (229):  Round 1
2020-07-21 11:35:42 AM - DEBUG - predict_prob (102):  shape of probs is torch.Size([59900, 2])
2020-07-21 11:42:38 AM - INFO - main (235):  Query 20 samples
2020-07-21 11:42:44 AM - INFO - train (63):  Now train with 120 samples
