2020-07-02 01:03:25 PM - INFO - main (115):  DATA NAME: psse
2020-07-02 01:03:25 PM - INFO - main (116):  STRATEGY: MarginSampling
2020-07-02 01:03:25 PM - INFO - main (117):  SEED: 5
2020-07-02 01:03:25 PM - INFO - main (118):  NUM_INIT_LB: 100
2020-07-02 01:03:25 PM - INFO - main (119):  NUM_QUERY: 20
2020-07-02 01:03:25 PM - INFO - main (120):  NUM_ROUND: 10
2020-07-02 01:03:25 PM - INFO - main (121):  LEARNING_RATE: 0.001
2020-07-02 01:03:25 PM - INFO - main (122):  BATCH_SIZE: 64
2020-07-02 01:03:25 PM - INFO - main (123):  N_EPOCH: 50
2020-07-02 01:03:25 PM - INFO - get_local_csv (52):  Normalize dataset x
2020-07-02 01:03:25 PM - INFO - get_local_csv (60):  Sample number: 
2020-07-02 01:03:25 PM - INFO - get_local_csv (61):  Feature number: 
2020-07-02 01:03:25 PM - INFO - get_local_csv (62):  Label number: 
2020-07-02 01:03:25 PM - INFO - get_local_csv (66):  create balanced data
2020-07-02 01:03:25 PM - INFO - get_local_csv (73):  Balance data numbers: 
2020-07-02 01:03:25 PM - INFO - get_local_csv (78):  Using 60000.0 for training
2020-07-02 01:03:25 PM - INFO - get_local_csv (91):  Test option 2: using the entire dataset
2020-07-02 01:03:25 PM - INFO - predict (73):  Predict using untrained model
2020-07-02 01:03:30 PM - INFO - main (196):  Initial testing accuracy 0.79235
2020-07-02 01:03:30 PM - INFO - train (63):  Now train with 100 samples
2020-07-02 01:06:10 PM - INFO - predict (77):  Predict using trained model
2020-07-02 01:06:14 PM - INFO - main (206):  Round 0 testing accuracy 0.96538
2020-07-02 01:06:16 PM - INFO - main (224):  Round 1
2020-07-02 01:06:16 PM - DEBUG - predict_prob (102):  shape of probs is torch.Size([59900, 2])
2020-07-02 01:06:20 PM - INFO - main (230):  Query 20 samples
2020-07-02 01:06:21 PM - INFO - train (63):  Now train with 120 samples
2020-07-02 01:08:40 PM - INFO - predict (77):  Predict using trained model
2020-07-02 01:08:45 PM - INFO - main (251):  testing accuracy 0.98837
2020-07-02 01:08:45 PM - INFO - main (224):  Round 2
2020-07-02 01:08:45 PM - DEBUG - predict_prob (102):  shape of probs is torch.Size([59880, 2])
2020-07-02 01:08:48 PM - INFO - main (230):  Query 20 samples
2020-07-02 01:08:50 PM - INFO - train (63):  Now train with 140 samples
2020-07-02 01:11:08 PM - INFO - predict (77):  Predict using trained model
2020-07-02 01:11:12 PM - INFO - main (251):  testing accuracy 0.98209
2020-07-02 01:11:12 PM - INFO - main (224):  Round 3
2020-07-02 01:11:12 PM - DEBUG - predict_prob (102):  shape of probs is torch.Size([59860, 2])
2020-07-02 01:11:15 PM - INFO - main (230):  Query 20 samples
2020-07-02 01:11:17 PM - INFO - train (63):  Now train with 160 samples
2020-07-02 01:13:30 PM - INFO - predict (77):  Predict using trained model
2020-07-02 01:13:35 PM - INFO - main (251):  testing accuracy 0.98719
2020-07-02 01:13:35 PM - INFO - main (224):  Round 4
2020-07-02 01:13:35 PM - DEBUG - predict_prob (102):  shape of probs is torch.Size([59840, 2])
2020-07-02 01:13:38 PM - INFO - main (230):  Query 20 samples
2020-07-02 01:13:39 PM - INFO - train (63):  Now train with 180 samples
2020-07-02 01:15:47 PM - INFO - predict (77):  Predict using trained model
2020-07-02 01:15:50 PM - INFO - main (251):  testing accuracy 0.99075
2020-07-02 01:15:50 PM - INFO - main (224):  Round 5
2020-07-02 01:15:50 PM - DEBUG - predict_prob (102):  shape of probs is torch.Size([59820, 2])
2020-07-02 01:15:53 PM - INFO - main (230):  Query 20 samples
2020-07-02 01:15:55 PM - INFO - train (63):  Now train with 200 samples
2020-07-02 01:18:12 PM - INFO - predict (77):  Predict using trained model
2020-07-02 01:18:17 PM - INFO - main (251):  testing accuracy 0.98692
2020-07-02 01:18:17 PM - INFO - main (224):  Round 6
2020-07-02 01:18:17 PM - DEBUG - predict_prob (102):  shape of probs is torch.Size([59800, 2])
2020-07-02 01:18:21 PM - INFO - main (230):  Query 20 samples
2020-07-02 01:18:22 PM - INFO - train (63):  Now train with 220 samples
2020-07-02 01:20:46 PM - INFO - predict (77):  Predict using trained model
2020-07-02 01:20:50 PM - INFO - main (251):  testing accuracy 0.99277
2020-07-02 01:20:50 PM - INFO - main (224):  Round 7
2020-07-02 01:20:50 PM - DEBUG - predict_prob (102):  shape of probs is torch.Size([59780, 2])
2020-07-02 01:20:54 PM - INFO - main (230):  Query 20 samples
2020-07-02 01:20:56 PM - INFO - train (63):  Now train with 240 samples
2020-07-02 01:23:22 PM - INFO - predict (77):  Predict using trained model
2020-07-02 01:23:27 PM - INFO - main (251):  testing accuracy 0.99384
2020-07-02 01:23:27 PM - INFO - main (224):  Round 8
2020-07-02 01:23:27 PM - DEBUG - predict_prob (102):  shape of probs is torch.Size([59760, 2])
2020-07-02 01:23:31 PM - INFO - main (230):  Query 20 samples
2020-07-02 01:23:32 PM - INFO - train (63):  Now train with 260 samples
2020-07-02 01:25:49 PM - INFO - predict (77):  Predict using trained model
2020-07-02 01:25:53 PM - INFO - main (251):  testing accuracy 0.986
2020-07-02 01:25:53 PM - INFO - main (224):  Round 9
2020-07-02 01:25:53 PM - DEBUG - predict_prob (102):  shape of probs is torch.Size([59740, 2])
2020-07-02 01:25:57 PM - INFO - main (230):  Query 20 samples
2020-07-02 01:25:58 PM - INFO - train (63):  Now train with 280 samples
2020-07-02 01:28:24 PM - INFO - predict (77):  Predict using trained model
2020-07-02 01:28:28 PM - INFO - main (251):  testing accuracy 0.99322
2020-07-02 01:28:28 PM - INFO - main (224):  Round 10
2020-07-02 01:28:28 PM - DEBUG - predict_prob (102):  shape of probs is torch.Size([59720, 2])
2020-07-02 01:28:32 PM - INFO - main (230):  Query 20 samples
2020-07-02 01:28:33 PM - INFO - train (63):  Now train with 300 samples
2020-07-02 01:31:05 PM - INFO - predict (77):  Predict using trained model
2020-07-02 01:31:09 PM - INFO - main (251):  testing accuracy 0.99133
2020-07-02 01:31:09 PM - INFO - main (256):  learning complete using 1663.6500883102417 seconds
2020-07-02 01:31:09 PM - INFO - main (257):  write accuracy records into csv
