2020-06-29 05:20:48 PM - INFO - main (113):  DATA NAME: psse
2020-06-29 05:20:49 PM - INFO - main (114):  STRATEGY: MarginSampling
2020-06-29 05:20:49 PM - INFO - main (115):  SEED: 2
2020-06-29 05:20:49 PM - INFO - main (116):  NUM_INIT_LB: 10000
2020-06-29 05:20:49 PM - INFO - main (117):  NUM_QUERY: 10000
2020-06-29 05:20:49 PM - INFO - main (118):  NUM_ROUND: 20
2020-06-29 05:20:49 PM - INFO - main (119):  LEARNING_RATE: 0.001
2020-06-29 05:20:50 PM - INFO - main (120):  BATCH_SIZE: 64
2020-06-29 05:20:50 PM - INFO - main (121):  N_EPOCH: 20
2020-06-29 05:20:50 PM - INFO - get_local_csv (52):  Normalize dataset x
2020-06-29 05:20:50 PM - INFO - get_local_csv (60):  Sample number: 
2020-06-29 05:20:50 PM - INFO - get_local_csv (61):  Feature number: 
2020-06-29 05:20:50 PM - INFO - get_local_csv (62):  Label number: 
2020-06-29 05:20:50 PM - INFO - get_local_csv (66):  create balanced data
2020-06-29 05:20:50 PM - INFO - get_local_csv (73):  Balance data numbers: 
2020-06-29 05:20:50 PM - INFO - get_local_csv (78):  Using 80000.0 for training
2020-06-29 05:20:50 PM - INFO - get_local_csv (83):  Test option 0: using 19.999999999999996% portion from the entire dataset
2020-06-29 05:20:54 PM - INFO - predict (73):  Predict using untrained model
2020-06-29 05:21:03 PM - INFO - main (190):  Initial testing accuracy 0.8296396295046312
2020-06-29 05:21:06 PM - INFO - train (63):  Now train with 10000 samples
2020-06-29 05:27:05 PM - INFO - predict (77):  Predict using trained model
2020-06-29 05:27:11 PM - INFO - main (200):  Round 0 testing accuracy 0.9931125860926738
2020-06-29 05:27:13 PM - INFO - main (207):  Round 1
