2020-07-06 01:36:10 PM - INFO - main (115):  DATA NAME: psse
2020-07-06 01:36:10 PM - INFO - main (116):  STRATEGY: MarginSampling
2020-07-06 01:36:10 PM - INFO - main (117):  SEED: 5
2020-07-06 01:36:10 PM - INFO - main (118):  NUM_INIT_LB: 100
2020-07-06 01:36:10 PM - INFO - main (119):  NUM_QUERY: 20
2020-07-06 01:36:11 PM - INFO - main (120):  NUM_ROUND: 10
2020-07-06 01:36:11 PM - INFO - main (121):  LEARNING_RATE: 0.001
2020-07-06 01:36:11 PM - INFO - main (122):  BATCH_SIZE: 64
2020-07-06 01:36:11 PM - INFO - main (123):  N_EPOCH: 50
2020-07-06 01:36:11 PM - INFO - get_local_csv (52):  Normalize dataset x
2020-07-06 01:36:11 PM - INFO - get_local_csv (60):  Sample number: 
2020-07-06 01:36:11 PM - INFO - get_local_csv (61):  Feature number: 
2020-07-06 01:36:11 PM - INFO - get_local_csv (62):  Label number: 
2020-07-06 01:36:11 PM - INFO - get_local_csv (66):  create balanced data
2020-07-06 01:36:11 PM - INFO - get_local_csv (73):  Balance data numbers: 
2020-07-06 01:36:11 PM - INFO - get_local_csv (78):  Using 60000.0 for training
2020-07-06 01:36:11 PM - INFO - get_local_csv (91):  Test option 2: using the entire dataset
2020-07-06 01:36:15 PM - INFO - predict (73):  Predict using untrained model
2020-07-06 01:36:25 PM - INFO - main (196):  Initial testing accuracy 0.79235
2020-07-06 01:36:25 PM - INFO - train (63):  Now train with 100 samples
2020-07-06 01:41:31 PM - INFO - predict (77):  Predict using trained model
2020-07-06 01:42:42 PM - INFO - main (206):  Round 0 testing accuracy 0.96867
2020-07-06 01:42:46 PM - INFO - main (224):  Round 1
2020-07-06 01:42:46 PM - DEBUG - predict_prob (102):  shape of probs is torch.Size([59900, 2])
2020-07-06 01:42:48 PM - INFO - main (230):  Query 20 samples
2020-07-06 01:42:51 PM - INFO - train (63):  Now train with 120 samples
2020-07-06 01:44:50 PM - INFO - predict (77):  Predict using trained model
2020-07-06 01:44:54 PM - INFO - main (251):  testing accuracy 0.98512
2020-07-06 01:44:54 PM - INFO - main (224):  Round 2
2020-07-06 01:44:54 PM - DEBUG - predict_prob (102):  shape of probs is torch.Size([59880, 2])
2020-07-06 01:44:56 PM - INFO - main (230):  Query 20 samples
2020-07-06 01:44:58 PM - INFO - train (63):  Now train with 140 samples
2020-07-06 01:46:48 PM - INFO - predict (77):  Predict using trained model
2020-07-06 01:46:52 PM - INFO - main (251):  testing accuracy 0.97309
2020-07-06 01:46:52 PM - INFO - main (224):  Round 3
2020-07-06 01:46:52 PM - DEBUG - predict_prob (102):  shape of probs is torch.Size([59860, 2])
2020-07-06 01:46:55 PM - INFO - main (230):  Query 20 samples
2020-07-06 01:46:57 PM - INFO - train (63):  Now train with 160 samples
2020-07-06 01:48:51 PM - INFO - predict (77):  Predict using trained model
2020-07-06 01:48:55 PM - INFO - main (251):  testing accuracy 0.98359
2020-07-06 01:48:55 PM - INFO - main (224):  Round 4
2020-07-06 01:48:55 PM - DEBUG - predict_prob (102):  shape of probs is torch.Size([59840, 2])
2020-07-06 01:48:59 PM - INFO - main (230):  Query 20 samples
2020-07-06 01:49:01 PM - INFO - train (63):  Now train with 180 samples
2020-07-06 01:50:49 PM - INFO - predict (77):  Predict using trained model
2020-07-06 01:50:52 PM - INFO - main (251):  testing accuracy 0.99189
2020-07-06 01:50:52 PM - INFO - main (224):  Round 5
2020-07-06 01:50:52 PM - DEBUG - predict_prob (102):  shape of probs is torch.Size([59820, 2])
2020-07-06 01:50:56 PM - INFO - main (230):  Query 20 samples
2020-07-06 01:50:58 PM - INFO - train (63):  Now train with 200 samples
2020-07-06 01:52:51 PM - INFO - predict (77):  Predict using trained model
2020-07-06 01:52:55 PM - INFO - main (251):  testing accuracy 0.99238
2020-07-06 01:52:55 PM - INFO - main (224):  Round 6
2020-07-06 01:52:55 PM - DEBUG - predict_prob (102):  shape of probs is torch.Size([59800, 2])
2020-07-06 01:52:58 PM - INFO - main (230):  Query 20 samples
2020-07-06 01:53:00 PM - INFO - train (63):  Now train with 220 samples
2020-07-06 01:54:59 PM - INFO - predict (77):  Predict using trained model
2020-07-06 01:55:03 PM - INFO - main (251):  testing accuracy 0.99168
2020-07-06 01:55:03 PM - INFO - main (224):  Round 7
2020-07-06 01:55:03 PM - DEBUG - predict_prob (102):  shape of probs is torch.Size([59780, 2])
2020-07-06 01:55:06 PM - INFO - main (230):  Query 20 samples
2020-07-06 01:55:08 PM - INFO - train (63):  Now train with 240 samples
2020-07-06 01:56:58 PM - INFO - predict (77):  Predict using trained model
2020-07-06 01:57:01 PM - INFO - main (251):  testing accuracy 0.99248
2020-07-06 01:57:01 PM - INFO - main (224):  Round 8
2020-07-06 01:57:01 PM - DEBUG - predict_prob (102):  shape of probs is torch.Size([59760, 2])
2020-07-06 01:57:04 PM - INFO - main (230):  Query 20 samples
2020-07-06 01:57:06 PM - INFO - train (63):  Now train with 260 samples
2020-07-06 01:59:08 PM - INFO - predict (77):  Predict using trained model
2020-07-06 01:59:12 PM - INFO - main (251):  testing accuracy 0.98857
2020-07-06 01:59:12 PM - INFO - main (224):  Round 9
2020-07-06 01:59:12 PM - DEBUG - predict_prob (102):  shape of probs is torch.Size([59740, 2])
2020-07-06 01:59:15 PM - INFO - main (230):  Query 20 samples
2020-07-06 01:59:17 PM - INFO - train (63):  Now train with 280 samples
2020-07-06 02:01:19 PM - INFO - predict (77):  Predict using trained model
2020-07-06 02:01:23 PM - INFO - main (251):  testing accuracy 0.99426
2020-07-06 02:01:23 PM - INFO - main (224):  Round 10
2020-07-06 02:01:23 PM - DEBUG - predict_prob (102):  shape of probs is torch.Size([59720, 2])
2020-07-06 02:01:27 PM - INFO - main (230):  Query 20 samples
2020-07-06 02:01:29 PM - INFO - train (63):  Now train with 300 samples
2020-07-06 02:03:27 PM - INFO - predict (77):  Predict using trained model
2020-07-06 02:03:32 PM - INFO - main (251):  testing accuracy 0.99576
2020-07-06 02:03:32 PM - INFO - main (256):  learning complete using 1636.8403408527374 seconds
2020-07-06 02:03:32 PM - INFO - main (257):  write accuracy records into csv
